[prun] Master compute host = c30
[prun] Resource manager = slurm
[prun] Launch cmd = mpiexec.hydra -bootstrap slurm ./mpi_sendrcv
Hello from task 7 on c37!
message sending prco number : 7
Hello from task 0 on c30!
message sending prco number : 0
Hello from task 4 on c34!
message sending prco number : 4
317
received message is 30734816 from 4
Hello from task 4 on c34!
message sending prco number : 4
535
received message is 42413408 from 0
Hello from task 0 on c30!
message sending prco number : 0
231
received message is 30713216 from 4
Hello from task 4 on c34!
message sending prco number : 4
230
received message is 42454208 from 0
Hello from task 0 on c30!
message sending prco number : 0
14
received message is 42415024 from 0
Hello from task 0 on c30!
message sending prco number : 0
14
received message is 30685312 from 4
Hello from task 4 on c34!
message sending prco number : 4
11
received message is 42468544 from 0
Hello from task 0 on c30!
message sending prco number : 0
7
received message is 42470432 from 0
Hello from task 0 on c30!
message sending prco number : 0
29
27
received message is 42571344 from 0
received message is 30741696 from 4
Hello from task 4 on c34!
message sending prco number : 4
7
received message is 30743584 from 4
Hello from task 4 on c34!
message sending prco number : 4
6
received message is 30844512 from 4
Hello from task 2 on c32!
message sending prco number : 2
Hello from task 3 on c33!
message sending prco number : 3
Hello from task 6 on c36!
message sending prco number : 6
4692
420
received message is 28536160 from 3
Hello from task 3 on c33!
received message is 18591008 from 7
message sending prco number : 3
Hello from task 7 on c37!
message sending prco number : 7
311
Hello from task 5 on c35!
648
received message is 40074528 from 2
Hello from task 2 on c32!
message sending prco number : 2
received message is 20061536 from 6
message sending prco number : 5
Hello from task 6 on c36!
message sending prco number : 6
328
received message is 28576960 from 3
Hello from task 3 on c33!
message sending prco number : 3
325
307
received message is 40115328 from 2
Hello from task 2 on c32!
message sending prco number : 2
received message is 18631808 from 7
235
Hello from task 1 on c31!
message sending prco number : 1
Hello from task 7 on c37!
received message is 20102336 from 6
142
received message is 40076144 from 2
message sending prco number : 7
408
received message is 28537776 from 3
Hello from task 3 on c33!
Hello from task 6 on c36!
Hello from task 2 on c32!
message sending prco number : 2
754
received message is 10460512 from 1
Hello from task 1 on c31!
28
message sending prco number : 3
message sending prco number : 6
656
120
received message is 40129696 from 2
message sending prco number : 1
received message is 18592624 from 7
210
received message is 28591296 from 3
Hello from task 3 on c33!
19
received message is 36957472 from 5
Hello from task 2 on c32!
message sending prco number : 2
Hello from task 7 on c37!
message sending prco number : 3
received message is 20063152 from 6
Hello from task 5 on c35!
73
received message is 40131584 from 2
message sending prco number : 7
204
received message is 28593184 from 3
Hello from task 3 on c33!
Hello from task 6 on c36!
message sending prco number : 5
Hello from task 2 on c32!
message sending prco number : 2
54
message sending prco number : 3
message sending prco number : 6
437
115
received message is 40232496 from 2
received message is 18646176 from 7
140
received message is 28694096 from 3
23
received message is 36984128 from 5
339
received message is 10487168 from 1
Hello from task 7 on c37!
received message is 20116672 from 6
Hello from task 5 on c35!
Hello from task 1 on c31!
message sending prco number : 1
message sending prco number : 7
Hello from task 6 on c36!
27
received message is 10462128 from 1
13
message sending prco number : 6
Hello from task 1 on c31!
received message is 18648064 from 7
8
message sending prco number : 5
message sending prco number : 1
Hello from task 7 on c37!
received message is 20118560 from 6
125
83
received message is 10515648 from 1
message sending prco number : 7
Hello from task 6 on c36!
received message is 36959088 from 5
Hello from task 1 on c31!
message sending prco number : 1
12
message sending prco number : 6
Hello from task 5 on c35!
117
received message is 10517536 from 1
received message is 18748976 from 7
9
message sending prco number : 5
Hello from task 1 on c31!
message sending prco number : 1
received message is 20219472 from 6
17
114
received message is 10618448 from 1
received message is 37012640 from 5
Hello from task 5 on c35!
message sending prco number : 5
10
received message is 37014528 from 5
Hello from task 5 on c35!
message sending prco number : 5
9
received message is 37115440 from 5
