[prun] Master compute host = c30
[prun] Resource manager = slurm
[prun] Launch cmd = mpiexec.hydra -bootstrap slurm ./mpi_sendrcv
Hello from task 2 on c32!
message sending prco number : 2
Hello from task 1 on c31!
message sending prco number : 1
time taken for pair 1-5 is 1666 for size 32
received message is 5 from 1
Hello from task 1 on c31!
message sending prco number : 1
Hello from task 5 on c35!
message sending prco number : 5
time taken for pair 5-1 is 355 for size 32
received message is 1 from 5
Hello from task 5 on c35!
message sending prco number : 5
time taken for pair 1-5 is 299 for size 32
received message is 5 from 1
Hello from task 1 on c31!
message sending prco number : 1
Hello from task 4 on c34!
time taken for pair 5-1 is 324 for size 32
received message is 1 from 5
Hello from task 5 on c35!
message sending prco number : 5
time taken for pair 5-1 is 18 for size 32
received message is 1 from 5
Hello from task 5 on c35!
message sending prco number : 5
time taken for pair 5-1 is 19 for size 32
received message is 1 from 5
Hello from task 5 on c35!
message sending prco number : 5
time taken for pair 5-1 is 6 for size 32
received message is 1 from 5
Hello from task 5 on c35!
message sending prco number : 5
time taken for pair 5-1 is 34 for size 32
received message is 1 from 5
Hello from task 5 on c35!
message sending prco number : 5
time taken for pair 5-1 is 28 for size 32
received message is 1 from 5
Hello from task 5 on c35!
message sending prco number : 5
time taken for pair 5-1 is 27 for size 32
received message is 1 from 5
Hello from task 5 on c35!
message sending prco number : 5
time taken for pair 5-1 is 29 for size 32
received message is 1 from 5
Hello from task 5 on c35!
message sending prco number : 5
time taken for pair 5-1 is 4 for size 32
received message is 1 from 5
Hello from task 5 on c35!
message sending prco number : 5
time taken for pair 5-1 is 18 for size 64
received message is 1 from 5
Hello from task 5 on c35!
message sending prco number : 5
time taken for pair 5-1 is 4 for size 64
received message is 1 from 5
Hello from task 5 on c35!
message sending prco number : 5
time taken for pair 5-1 is 84 for size 64
received message is 1 from 5
Hello from task 5 on c35!
message sending prco number : 5
time taken for pair 5-1 is 16 for size 64
received message is 1 from 5
Hello from task 5 on c35!
message sending prco number : 5
time taken for pair 5-1 is 6 for size 64
received message is 1 from 5
Hello from task 5 on c35!
message sending prco number : 5
time taken for pair 5-1 is 10 for size 64
received message is 1 from 5
Hello from task 5 on c35!
message sending prco number : 5
time taken for pair 5-1 is 58 for size 64
received message is 1 from 5
Hello from task 5 on c35!
message sending prco number : 5
time taken for pair 5-1 is 21 for size 64
received message is 1 from 5
Hello from task 5 on c35!
message sending prco number : 5
time taken for pair 5-1 is 42 for size 64
received message is 1 from 5
Hello from task 5 on c35!
message sending prco number : 5
time taken for pair 5-1 is 8 for size 64
received message is 1 from 5
Hello from task 5 on c35!
message sending prco number : 5
time taken for pair 5-1 is 30 for size 128
received message is 1 from 5
Hello from task 5 on c35!
message sending prco number : 5
time taken for pair 5-1 is 30 for size 128
received message is 1 from 5
Hello from task 5 on c35!
message sending prco number : 5
time taken for pair 5-1 is 28 for size 128
received message is 1 from 5
Hello from task 5 on c35!
message sending prco number : 5
time taken for pair 5-1 is 7 for size 128
received message is 1 from 5
Hello from task 5 on c35!
message sending prco number : 5
time taken for pair 5-1 is 19 for size 128
received message is 1 from 5
Hello from task 5 on c35!
message sending prco number : 5
time taken for pair 5-1 is 10 for size 128
received message is 1 from 5
Hello from task 5 on c35!
message sending prco number : 5
time taken for pair 5-1 is 15 for size 128
received message is 1 from 5
Hello from task 5 on c35!
message sending prco number : 5
time taken for pair 1-5 is 74 for size 32
received message is 5 from 1
Hello from task 1 on c31!
message sending prco number : 4
message sending prco number : 1
time taken for pair 1-5 is 14 for size 32
time taken for pair 5-1 is 39 for size 128
received message is 1 from 5
Hello from task 5 on c35!
received message is 5 from 1
Hello from task 1 on c31!
message sending prco number : 1
time taken for pair 1-5 is 8 for size 32
received message is 5 from 1
Hello from task 1 on c31!
message sending prco number : 1
time taken for pair 1-5 is 8 for size 32
received message is 5 from 1
Hello from task 1 on c31!
message sending prco number : 1
message sending prco number : 5
time taken for pair 1-5 is 7 for size 32
received message is 5 from 1
time taken for pair 5-1 is 12 for size 128
Hello from task 1 on c31!
message sending prco number : 1
time taken for pair 1-5 is 6 for size 32
received message is 5 from 1
Hello from task 1 on c31!
message sending prco number : 1
time taken for pair 1-5 is 6 for size 32
received message is 5 from 1
Hello from task 1 on c31!
message sending prco number : 1
time taken for pair 1-5 is 8 for size 32
received message is 5 from 1
Hello from task 1 on c31!
message sending prco number : 1
time taken for pair 1-5 is 5 for size 64
received message is 5 from 1
Hello from task 1 on c31!
message sending prco number : 1
time taken for pair 1-5 is 43 for size 64
received message is 5 from 1
Hello from task 1 on c31!
message sending prco number : 1
time taken for pair 1-5 is 8 for size 64
received message is 5 from 1
Hello from task 1 on c31!
message sending prco number : 1
received message is 1 from 5
Hello from task 5 on c35!
message sending prco number : 5
time taken for pair 1-5 is 5 for size 64
received message is 5 from 1
Hello from task 1 on c31!
time taken for pair 5-1 is 9 for size 128
received message is 1 from 5
Hello from task 5 on c35!
message sending prco number : 1
time taken for pair 1-5 is 4 for size 64
received message is 5 from 1
Hello from task 1 on c31!
message sending prco number : 1
time taken for pair 1-5 is 11 for size 64
received message is 5 from 1
Hello from task 1 on c31!
message sending prco number : 1
time taken for pair 1-5 is 8 for size 64
received message is 5 from 1
Hello from task 1 on c31!
message sending prco number : 1
time taken for pair 1-5 is 7 for size 64
received message is 5 from 1
Hello from task 1 on c31!
message sending prco number : 1
time taken for pair 1-5 is 7 for size 64
received message is 5 from 1
Hello from task 1 on c31!
message sending prco number : 1
time taken for pair 1-5 is 4 for size 64
received message is 5 from 1
Hello from task 1 on c31!
message sending prco number : 1
time taken for pair 1-5 is 7 for size 128
received message is 5 from 1
Hello from task 1 on c31!
message sending prco number : 1
time taken for pair 1-5 is 6 for size 128
message sending prco number : 5
time taken for pair 5-1 is 8 for size 256
received message is 1 from 5
received message is 5 from 1
Hello from task 1 on c31!
message sending prco number : 1
Hello from task 5 on c35!
message sending prco number : 5
time taken for pair 1-5 is 8 for size 128
received message is 5 from 1
time taken for pair 5-1 is 34 for size 256
received message is 1 from 5
Hello from task 1 on c31!
message sending prco number : 1
time taken for pair 1-5 is 12 for size 128
received message is 5 from 1
Hello from task 1 on c31!
message sending prco number : 1
time taken for pair 1-5 is 5 for size 128
received message is 5 from 1
Hello from task 5 on c35!
message sending prco number : 5
Hello from task 1 on c31!
time taken for pair 5-1 is 8 for size 256
received message is 1 from 5
Hello from task 5 on c35!
message sending prco number : 5
message sending prco number : 1
time taken for pair 1-5 is 5 for size 128
received message is 5 from 1
Hello from task 1 on c31!
message sending prco number : 1
time taken for pair 1-5 is 4 for size 128
received message is 5 from 1
Hello from task 1 on c31!
message sending prco number : 1
time taken for pair 1-5 is 7 for size 128
received message is 5 from 1
Hello from task 1 on c31!
message sending prco number : 1
time taken for pair 1-5 is 8 for size 128
received message is 5 from 1
Hello from task 1 on c31!
message sending prco number : 1
time taken for pair 1-5 is 36 for size 128
received message is 5 from 1
Hello from task 1 on c31!
message sending prco number : 1
time taken for pair 1-5 is 35 for size 256
received message is 5 from 1
Hello from task 1 on c31!
message sending prco number : 1
time taken for pair 1-5 is 8 for size 256
received message is 5 from 1
Hello from task 1 on c31!
message sending prco number : 1
time taken for pair 5-1 is 29 for size 256
received message is 1 from 5
time taken for pair 1-5 is 58 for size 256
received message is 5 from 1
Hello from task 1 on c31!
Hello from task 5 on c35!
message sending prco number : 5
time taken for pair 5-1 is 15 for size 256
received message is 1 from 5
Hello from task 5 on c35!
message sending prco number : 5
message sending prco number : 1
time taken for pair 1-5 is 7 for size 256
received message is 5 from 1
time taken for pair 5-1 is 16 for size 256
received message is 1 from 5
Hello from task 1 on c31!
message sending prco number : 1
Hello from task 5 on c35!
message sending prco number : 5
time taken for pair 1-5 is 51 for size 256
received message is 5 from 1
Hello from task 1 on c31!
message sending prco number : 1
time taken for pair 1-5 is 7 for size 256
received message is 5 from 1
Hello from task 1 on c31!
time taken for pair 5-1 is 23 for size 256
received message is 1 from 5
message sending prco number : 1
time taken for pair 1-5 is 8 for size 256
received message is 5 from 1
Hello from task 1 on c31!
message sending prco number : 1
Hello from task 5 on c35!
message sending prco number : 5
time taken for pair 5-1 is 7 for size 256
time taken for pair 1-5 is 75 for size 256
received message is 5 from 1
received message is 1 from 5
Hello from task 5 on c35!
message sending prco number : 5
Hello from task 1 on c31!
message sending prco number : 1
time taken for pair 1-5 is 6 for size 256
received message is 5 from 1
time taken for pair 5-1 is 49 for size 256
Hello from task 1 on c31!
message sending prco number : 1
time taken for pair 1-5 is 47 for size 256
received message is 5 from 1
received message is 1 from 5
Hello from task 5 on c35!
message sending prco number : 5
time taken for pair 5-1 is 6 for size 256
received message is 1 from 5
Hello from task 1 on c31!
message sending prco number : 1
time taken for pair 1-5 is 7 for size 512
received message is 5 from 1
Hello from task 5 on c35!
message sending prco number : 5
Hello from task 1 on c31!
message sending prco number : 1
time taken for pair 5-1 is 56 for size 512
received message is 1 from 5
time taken for pair 1-5 is 44 for size 512
received message is 5 from 1
Hello from task 1 on c31!
Hello from task 5 on c35!
message sending prco number : 5
time taken for pair 5-1 is 7 for size 512
received message is 1 from 5
Hello from task 5 on c35!
message sending prco number : 1
message sending prco number : 5
time taken for pair 1-5 is 16 for size 512
time taken for pair 5-1 is 7 for size 512
received message is 5 from 1
Hello from task 1 on c31!
Hello from task 6 on c36!
received message is 1 from 5
Hello from task 5 on c35!
Hello from task 0 on c30!
message sending prco number : 1
message sending prco number : 6
message sending prco number : 5
time taken for pair 5-1 is 8 for size 512
message sending prco number : 0
time taken for pair 1-5 is 30 for size 512
received message is 5 from 1
Hello from task 1 on c31!
received message is 1 from 5
Hello from task 5 on c35!
message sending prco number : 1
message sending prco number : 5
time taken for pair 1-5 is 26 for size 512
received message is 5 from 1
Hello from task 1 on c31!
time taken for pair 5-1 is 8 for size 512
received message is 1 from 5
Hello from task 5 on c35!
message sending prco number : 5
message sending prco number : 1
time taken for pair 1-5 is 5 for size 512
time taken for pair 5-1 is 16 for size 512
received message is 1 from 5
Hello from task 5 on c35!
received message is 5 from 1
Hello from task 1 on c31!
message sending prco number : 1
message sending prco number : 5
time taken for pair 1-5 is 16 for size 512
time taken for pair 5-1 is 6 for size 512
received message is 5 from 1
Hello from task 1 on c31!
message sending prco number : 1
received message is 1 from 5
Hello from task 5 on c35!
time taken for pair 1-5 is 8 for size 512
message sending prco number : 5
received message is 5 from 1
Hello from task 1 on c31!
time taken for pair 5-1 is 50 for size 512
received message is 1 from 5
Hello from task 5 on c35!
message sending prco number : 1
message sending prco number : 5
time taken for pair 5-1 is 6 for size 512
received message is 1 from 5
Hello from task 5 on c35!
message sending prco number : 5
time taken for pair 1-5 is 15 for size 512
received message is 5 from 1
Hello from task 1 on c31!
message sending prco number : 1
time taken for pair 1-5 is 7 for size 512
received message is 5 from 1
Hello from task 1 on c31!
message sending prco number : 1
time taken for pair 5-1 is 24 for size 512
received message is 1 from 5
Hello from task 3 on c33!
message sending prco number : 3
Hello from task 5 on c35!
message sending prco number : 5
time taken for pair 1-5 is 19 for size 1024
received message is 5 from 1
time taken for pair 5-1 is 41 for size 1024
received message is 1 from 5
Hello from task 5 on c35!
Hello from task 1 on c31!
message sending prco number : 1
message sending prco number : 5
time taken for pair 1-5 is 8 for size 1024
received message is 5 from 1
Hello from task 1 on c31!
message sending prco number : 1
Hello from task 7 on c37!
time taken for pair 5-1 is 16 for size 1024
time taken for pair 1-5 is 11 for size 1024
received message is 5 from 1
Hello from task 1 on c31!
message sending prco number : 7
received message is 1 from 5
Hello from task 5 on c35!
time taken for pair 2-6 is 5544 for size 32
received message is 6 from 2
Hello from task 2 on c32!
message sending prco number : 2
message sending prco number : 1
message sending prco number : 5
time taken for pair 1-5 is 24 for size 1024
time taken for pair 5-1 is 8 for size 1024
received message is 1 from 5
Hello from task 5 on c35!
message sending prco number : 5
time taken for pair 5-1 is 8 for size 1024
received message is 1 from 5
Hello from task 5 on c35!
message sending prco number : 5
received message is 5 from 1
Hello from task 1 on c31!
message sending prco number : 1
time taken for pair 6-2 is 426 for size 32
time taken for pair 5-1 is 42 for size 1024
received message is 1 from 5
Hello from task 5 on c35!
time taken for pair 1-5 is 21 for size 1024
received message is 5 from 1
received message is 2 from 6
message sending prco number : 5
Hello from task 1 on c31!
message sending prco number : 1
time taken for pair 5-1 is 26 for size 1024
received message is 1 from 5
Hello from task 5 on c35!
time taken for pair 1-5 is 8 for size 1024
received message is 5 from 1
Hello from task 1 on c31!
message sending prco number : 1
Hello from task 6 on c36!
time taken for pair 4-0 is 1622 for size 32
message sending prco number : 5
time taken for pair 5-1 is 7 for size 1024
time taken for pair 1-5 is 29 for size 1024
received message is 5 from 1
received message is 0 from 4
received message is 1 from 5
Hello from task 4 on c34!
Hello from task 5 on c35!
Hello from task 1 on c31!
message sending prco number : 1
message sending prco number : 6
message sending prco number : 4
time taken for pair 1-5 is 51 for size 1024
received message is 5 from 1
time taken for pair 7-3 is 271 for size 32
message sending prco number : 5
Hello from task 1 on c31!
message sending prco number : 1
received message is 3 from 7
time taken for pair 5-1 is 34 for size 1024
time taken for pair 1-5 is 29 for size 1024
received message is 1 from 5
Hello from task 5 on c35!
message sending prco number : 5
received message is 5 from 1
time taken for pair 5-1 is 15 for size 1024
time taken for pair 2-6 is 280 for size 32
received message is 6 from 2
Hello from task 2 on c32!
message sending prco number : 2
Hello from task 1 on c31!
message sending prco number : 1
Hello from task 7 on c37!
received message is 1 from 5
time taken for pair 1-5 is 49 for size 1024
received message is 5 from 1
time taken for pair 3-7 is 581 for size 32
received message is 7 from 3
Hello from task 3 on c33!
message sending prco number : 3
message sending prco number : 7
Hello from task 5 on c35!
message sending prco number : 5
time taken for pair 5-1 is 15 for size 1024
received message is 1 from 5
time taken for pair 6-2 is 337 for size 32
time taken for pair 7-3 is 207 for size 32
time taken for pair 0-4 is 809 for size 32
received message is 3 from 7
received message is 2 from 6
Hello from task 7 on c37!
received message is 4 from 0
time taken for pair 3-7 is 298 for size 32
received message is 7 from 3
Hello from task 3 on c33!
message sending prco number : 3
Hello from task 6 on c36!
message sending prco number : 7
Hello from task 0 on c30!
time taken for pair 3-7 is 16 for size 32
received message is 7 from 3
Hello from task 3 on c33!
message sending prco number : 3
message sending prco number : 6
time taken for pair 7-3 is 16 for size 32
message sending prco number : 0
received message is 3 from 7
Hello from task 7 on c37!
message sending prco number : 7
time taken for pair 7-3 is 13 for size 32
time taken for pair 3-7 is 156 for size 32
received message is 7 from 3
Hello from task 3 on c33!
time taken for pair 6-2 is 45 for size 32
received message is 3 from 7
time taken for pair 2-6 is 586 for size 32
received message is 6 from 2
Hello from task 2 on c32!
message sending prco number : 2
received message is 2 from 6
Hello from task 7 on c37!
time taken for pair 4-0 is 727 for size 32
message sending prco number : 7
message sending prco number : 3
Hello from task 6 on c36!
received message is 0 from 4
time taken for pair 7-3 is 19 for size 32
time taken for pair 3-7 is 81 for size 32
received message is 7 from 3
Hello from task 3 on c33!
message sending prco number : 6
Hello from task 4 on c34!
received message is 3 from 7
message sending prco number : 3
message sending prco number : 4
Hello from task 7 on c37!
time taken for pair 2-6 is 229 for size 32
received message is 6 from 2
Hello from task 2 on c32!
message sending prco number : 2
time taken for pair 3-7 is 32 for size 32
received message is 7 from 3
Hello from task 3 on c33!
message sending prco number : 7
message sending prco number : 3
time taken for pair 6-2 is 39 for size 32
time taken for pair 7-3 is 7 for size 32
time taken for pair 3-7 is 78 for size 32
received message is 7 from 3
Hello from task 3 on c33!
received message is 2 from 6
received message is 3 from 7
Hello from task 7 on c37!
message sending prco number : 3
Hello from task 6 on c36!
message sending prco number : 7
time taken for pair 3-7 is 60 for size 32
received message is 7 from 3
Hello from task 3 on c33!
message sending prco number : 6
time taken for pair 7-3 is 7 for size 32
message sending prco number : 3
received message is 3 from 7
time taken for pair 2-6 is 214 for size 32
received message is 6 from 2
Hello from task 2 on c32!
Hello from task 7 on c37!
time taken for pair 0-4 is 471 for size 32
time taken for pair 3-7 is 73 for size 32
received message is 7 from 3
Hello from task 3 on c33!
time taken for pair 6-2 is 14 for size 32
message sending prco number : 7
message sending prco number : 2
message sending prco number : 3
time taken for pair 7-3 is 7 for size 32
received message is 3 from 7
time taken for pair 3-7 is 74 for size 32
received message is 7 from 3
Hello from task 3 on c33!
received message is 2 from 6
Hello from task 7 on c37!
message sending prco number : 7
time taken for pair 7-3 is 6 for size 32
received message is 3 from 7
Hello from task 7 on c37!
message sending prco number : 3
Hello from task 6 on c36!
message sending prco number : 7
time taken for pair 3-7 is 44 for size 64
received message is 7 from 3
Hello from task 3 on c33!
time taken for pair 7-3 is 12 for size 32
received message is 3 from 7
Hello from task 7 on c37!
message sending prco number : 3
message sending prco number : 6
message sending prco number : 7
received message is 4 from 0
time taken for pair 2-6 is 257 for size 32
received message is 6 from 2
Hello from task 2 on c32!
message sending prco number : 2
time taken for pair 3-7 is 43 for size 64
time taken for pair 6-2 is 18 for size 32
time taken for pair 7-3 is 6 for size 64
Hello from task 0 on c30!
received message is 7 from 3
Hello from task 3 on c33!
message sending prco number : 3
received message is 2 from 6
received message is 3 from 7
time taken for pair 3-7 is 35 for size 64
received message is 7 from 3
Hello from task 3 on c33!
Hello from task 6 on c36!
Hello from task 7 on c37!
message sending prco number : 0
message sending prco number : 3
message sending prco number : 7
time taken for pair 7-3 is 19 for size 64
received message is 3 from 7
time taken for pair 3-7 is 82 for size 64
received message is 7 from 3
Hello from task 3 on c33!
message sending prco number : 6
Hello from task 7 on c37!
message sending prco number : 7
time taken for pair 7-3 is 7 for size 64
received message is 3 from 7
Hello from task 7 on c37!
message sending prco number : 3
time taken for pair 6-2 is 12 for size 32
message sending prco number : 7
time taken for pair 0-4 is 18 for size 32
time taken for pair 2-6 is 215 for size 32
received message is 6 from 2
Hello from task 2 on c32!
time taken for pair 3-7 is 79 for size 64
received message is 7 from 3
time taken for pair 7-3 is 6 for size 64
message sending prco number : 2
Hello from task 3 on c33!
message sending prco number : 3
received message is 2 from 6
received message is 3 from 7
time taken for pair 3-7 is 15 for size 64
received message is 7 from 3
Hello from task 3 on c33!
Hello from task 6 on c36!
Hello from task 7 on c37!
received message is 4 from 0
message sending prco number : 3
message sending prco number : 7
time taken for pair 3-7 is 81 for size 64
received message is 7 from 3
Hello from task 3 on c33!
message sending prco number : 6
time taken for pair 4-0 is 973 for size 32
time taken for pair 7-3 is 6 for size 64
received message is 3 from 7
Hello from task 7 on c37!
message sending prco number : 7
time taken for pair 2-6 is 222 for size 32
received message is 6 from 2
Hello from task 2 on c32!
message sending prco number : 3
time taken for pair 6-2 is 12 for size 32
received message is 0 from 4
time taken for pair 7-3 is 9 for size 64
Hello from task 0 on c30!
message sending prco number : 2
time taken for pair 3-7 is 94 for size 64
received message is 2 from 6
Hello from task 4 on c34!
received message is 3 from 7
received message is 7 from 3
Hello from task 3 on c33!
message sending prco number : 3
Hello from task 6 on c36!
message sending prco number : 4
Hello from task 7 on c37!
message sending prco number : 0
time taken for pair 3-7 is 24 for size 64
message sending prco number : 6
message sending prco number : 7
received message is 7 from 3
time taken for pair 7-3 is 13 for size 64
Hello from task 3 on c33!
message sending prco number : 3
received message is 3 from 7
time taken for pair 3-7 is 65 for size 64
received message is 7 from 3
Hello from task 3 on c33!
Hello from task 7 on c37!
time taken for pair 2-6 is 206 for size 32
received message is 6 from 2
Hello from task 2 on c32!
message sending prco number : 3
time taken for pair 6-2 is 12 for size 32
message sending prco number : 7
message sending prco number : 2
time taken for pair 3-7 is 47 for size 128
received message is 7 from 3
received message is 2 from 6
time taken for pair 7-3 is 6 for size 64
time taken for pair 0-4 is 94 for size 32
Hello from task 3 on c33!
message sending prco number : 3
Hello from task 6 on c36!
time taken for pair 4-0 is 279 for size 32
received message is 3 from 7
time taken for pair 3-7 is 51 for size 128
received message is 7 from 3
received message is 0 from 4
Hello from task 7 on c37!
Hello from task 4 on c34!
message sending prco number : 7
Hello from task 3 on c33!
message sending prco number : 3
message sending prco number : 6
message sending prco number : 4
time taken for pair 7-3 is 6 for size 64
received message is 3 from 7
Hello from task 7 on c37!
message sending prco number : 7
time taken for pair 3-7 is 69 for size 128
time taken for pair 6-2 is 25 for size 32
time taken for pair 7-3 is 7 for size 64
received message is 4 from 0
time taken for pair 2-6 is 243 for size 32
received message is 6 from 2
Hello from task 2 on c32!
received message is 7 from 3
Hello from task 3 on c33!
message sending prco number : 3
received message is 2 from 6
received message is 3 from 7
message sending prco number : 2
time taken for pair 3-7 is 46 for size 128
received message is 7 from 3
Hello from task 3 on c33!
Hello from task 6 on c36!
Hello from task 7 on c37!
Hello from task 0 on c30!
message sending prco number : 3
message sending prco number : 7
time taken for pair 3-7 is 78 for size 128
received message is 7 from 3
Hello from task 3 on c33!
message sending prco number : 6
time taken for pair 7-3 is 7 for size 128
message sending prco number : 3
received message is 3 from 7
message sending prco number : 0
time taken for pair 2-6 is 219 for size 64
received message is 6 from 2
Hello from task 2 on c32!
time taken for pair 6-2 is 13 for size 64
Hello from task 7 on c37!
message sending prco number : 2
time taken for pair 3-7 is 80 for size 128
received message is 2 from 6
message sending prco number : 7
time taken for pair 0-4 is 44 for size 32
received message is 7 from 3
Hello from task 3 on c33!
message sending prco number : 3
Hello from task 6 on c36!
time taken for pair 4-0 is 394 for size 32
time taken for pair 7-3 is 7 for size 128
time taken for pair 3-7 is 18 for size 128
received message is 7 from 3
Hello from task 3 on c33!
received message is 0 from 4
received message is 3 from 7
message sending prco number : 3
Hello from task 4 on c34!
Hello from task 7 on c37!
message sending prco number : 4
message sending prco number : 7
time taken for pair 3-7 is 76 for size 128
received message is 7 from 3
message sending prco number : 6
time taken for pair 7-3 is 7 for size 128
received message is 3 from 7
Hello from task 7 on c37!
time taken for pair 2-6 is 224 for size 64
received message is 6 from 2
Hello from task 2 on c32!
Hello from task 3 on c33!
message sending prco number : 3
time taken for pair 6-2 is 12 for size 64
message sending prco number : 7
time taken for pair 7-3 is 7 for size 128
received message is 3 from 7
Hello from task 7 on c37!
time taken for pair 3-7 is 54 for size 128
message sending prco number : 7
received message is 7 from 3
Hello from task 3 on c33!
time taken for pair 7-3 is 7 for size 128
received message is 3 from 7
Hello from task 7 on c37!
message sending prco number : 2
message sending prco number : 7
message sending prco number : 3
received message is 2 from 6
time taken for pair 7-3 is 8 for size 128
received message is 3 from 7
Hello from task 7 on c37!
message sending prco number : 7
time taken for pair 7-3 is 13 for size 128
received message is 3 from 7
time taken for pair 3-7 is 48 for size 128
Hello from task 6 on c36!
Hello from task 7 on c37!
received message is 7 from 3
Hello from task 3 on c33!
message sending prco number : 3
message sending prco number : 7
time taken for pair 7-3 is 7 for size 128
message sending prco number : 6
received message is 3 from 7
Hello from task 7 on c37!
message sending prco number : 7
time taken for pair 7-3 is 7 for size 128
received message is 3 from 7
time taken for pair 2-6 is 237 for size 64
received message is 6 from 2
Hello from task 2 on c32!
time taken for pair 3-7 is 50 for size 256
received message is 7 from 3
Hello from task 7 on c37!
received message is 4 from 0
Hello from task 3 on c33!
message sending prco number : 3
message sending prco number : 7
time taken for pair 7-3 is 19 for size 128
received message is 3 from 7
Hello from task 7 on c37!
message sending prco number : 7
time taken for pair 7-3 is 7 for size 256
received message is 3 from 7
Hello from task 7 on c37!
message sending prco number : 2
time taken for pair 3-7 is 48 for size 256
received message is 7 from 3
time taken for pair 6-2 is 28 for size 64
message sending prco number : 7
Hello from task 3 on c33!
message sending prco number : 3
received message is 2 from 6
time taken for pair 7-3 is 7 for size 256
time taken for pair 3-7 is 71 for size 256
received message is 7 from 3
Hello from task 6 on c36!
received message is 3 from 7
message sending prco number : 6
Hello from task 7 on c37!
Hello from task 0 on c30!
Hello from task 3 on c33!
message sending prco number : 3
message sending prco number : 7
time taken for pair 2-6 is 209 for size 64
received message is 6 from 2
Hello from task 2 on c32!
message sending prco number : 2
time taken for pair 7-3 is 7 for size 256
time taken for pair 3-7 is 67 for size 256
received message is 7 from 3
time taken for pair 6-2 is 23 for size 64
received message is 3 from 7
Hello from task 7 on c37!
message sending prco number : 7
time taken for pair 7-3 is 7 for size 256
Hello from task 3 on c33!
message sending prco number : 3
received message is 2 from 6
received message is 3 from 7
message sending prco number : 0
time taken for pair 3-7 is 52 for size 256
received message is 7 from 3
Hello from task 3 on c33!
Hello from task 6 on c36!
Hello from task 7 on c37!
time taken for pair 0-4 is 50 for size 32
time taken for pair 2-6 is 187 for size 64
received message is 6 from 2
Hello from task 2 on c32!
message sending prco number : 2
message sending prco number : 3
message sending prco number : 6
time taken for pair 4-0 is 723 for size 32
message sending prco number : 7
time taken for pair 3-7 is 59 for size 256
received message is 7 from 3
Hello from task 3 on c33!
time taken for pair 6-2 is 12 for size 64
received message is 0 from 4
time taken for pair 7-3 is 7 for size 256
message sending prco number : 3
Hello from task 4 on c34!
received message is 3 from 7
received message is 2 from 6
message sending prco number : 4
Hello from task 7 on c37!
received message is 4 from 0
time taken for pair 3-7 is 80 for size 256
received message is 7 from 3
Hello from task 3 on c33!
Hello from task 6 on c36!
message sending prco number : 7
message sending prco number : 3
message sending prco number : 6
time taken for pair 7-3 is 7 for size 256
Hello from task 0 on c30!
time taken for pair 2-6 is 198 for size 64
received message is 6 from 2
Hello from task 2 on c32!
message sending prco number : 2
time taken for pair 3-7 is 60 for size 256
received message is 7 from 3
Hello from task 3 on c33!
received message is 3 from 7
message sending prco number : 3
time taken for pair 6-2 is 34 for size 64
Hello from task 7 on c37!
time taken for pair 3-7 is 49 for size 256
received message is 7 from 3
message sending prco number : 7
time taken for pair 7-3 is 7 for size 256
received message is 3 from 7
Hello from task 3 on c33!
message sending prco number : 3
received message is 2 from 6
Hello from task 7 on c37!
time taken for pair 3-7 is 58 for size 256
received message is 7 from 3
Hello from task 3 on c33!
message sending prco number : 7
time taken for pair 7-3 is 7 for size 256
received message is 3 from 7
Hello from task 7 on c37!
message sending prco number : 3
Hello from task 6 on c36!
message sending prco number : 7
message sending prco number : 0
time taken for pair 3-7 is 85 for size 512
received message is 7 from 3
message sending prco number : 6
time taken for pair 7-3 is 13 for size 256
time taken for pair 0-4 is 6 for size 32
time taken for pair 4-0 is 380 for size 32
received message is 3 from 7
time taken for pair 2-6 is 251 for size 64
received message is 6 from 2
Hello from task 2 on c32!
Hello from task 3 on c33!
message sending prco number : 3
time taken for pair 6-2 is 12 for size 64
received message is 0 from 4
Hello from task 7 on c37!
Hello from task 4 on c34!
message sending prco number : 7
message sending prco number : 2
time taken for pair 3-7 is 74 for size 512
received message is 7 from 3
received message is 2 from 6
message sending prco number : 4
time taken for pair 7-3 is 7 for size 256
received message is 4 from 0
Hello from task 3 on c33!
message sending prco number : 3
Hello from task 6 on c36!
received message is 3 from 7
time taken for pair 3-7 is 70 for size 512
received message is 7 from 3
message sending prco number : 6
Hello from task 7 on c37!
Hello from task 0 on c30!
Hello from task 3 on c33!
message sending prco number : 3
message sending prco number : 7
time taken for pair 3-7 is 21 for size 512
time taken for pair 7-3 is 7 for size 512
received message is 7 from 3
received message is 3 from 7
time taken for pair 2-6 is 232 for size 64
received message is 6 from 2
Hello from task 2 on c32!
message sending prco number : 2
Hello from task 3 on c33!
message sending prco number : 3
time taken for pair 6-2 is 12 for size 64
Hello from task 7 on c37!
time taken for pair 3-7 is 52 for size 512
received message is 7 from 3
received message is 2 from 6
message sending prco number : 7
message sending prco number : 0
Hello from task 3 on c33!
message sending prco number : 3
Hello from task 6 on c36!
time taken for pair 7-3 is 7 for size 512
time taken for pair 0-4 is 11 for size 32
time taken for pair 3-7 is 60 for size 512
received message is 7 from 3
Hello from task 3 on c33!
message sending prco number : 6
time taken for pair 4-0 is 359 for size 32
received message is 3 from 7
time taken for pair 2-6 is 220 for size 64
received message is 6 from 2
Hello from task 2 on c32!
message sending prco number : 3
received message is 0 from 4
Hello from task 7 on c37!
received message is 4 from 0
time taken for pair 3-7 is 72 for size 512
received message is 7 from 3
Hello from task 3 on c33!
time taken for pair 6-2 is 33 for size 64
Hello from task 4 on c34!
message sending prco number : 7
message sending prco number : 2
message sending prco number : 3
received message is 2 from 6
message sending prco number : 4
time taken for pair 7-3 is 7 for size 512
Hello from task 0 on c30!
time taken for pair 3-7 is 91 for size 512
received message is 7 from 3
Hello from task 6 on c36!
received message is 3 from 7
Hello from task 3 on c33!
message sending prco number : 3
message sending prco number : 6
Hello from task 7 on c37!
message sending prco number : 0
time taken for pair 2-6 is 227 for size 64
received message is 6 from 2
Hello from task 2 on c32!
time taken for pair 3-7 is 63 for size 512
received message is 7 from 3
Hello from task 3 on c33!
message sending prco number : 7
time taken for pair 0-4 is 9 for size 32
message sending prco number : 3
time taken for pair 6-2 is 33 for size 64
time taken for pair 7-3 is 7 for size 512
message sending prco number : 2
time taken for pair 3-7 is 44 for size 512
received message is 2 from 6
time taken for pair 4-0 is 320 for size 32
received message is 3 from 7
received message is 7 from 3
Hello from task 3 on c33!
message sending prco number : 3
Hello from task 6 on c36!
received message is 0 from 4
Hello from task 7 on c37!
received message is 4 from 0
time taken for pair 2-6 is 191 for size 128
received message is 6 from 2
Hello from task 2 on c32!
time taken for pair 3-7 is 40 for size 1024
received message is 7 from 3
Hello from task 3 on c33!
message sending prco number : 6
Hello from task 4 on c34!
message sending prco number : 7
Hello from task 0 on c30!
message sending prco number : 3
time taken for pair 6-2 is 13 for size 128
message sending prco number : 4
time taken for pair 7-3 is 7 for size 512
message sending prco number : 2
time taken for pair 3-7 is 72 for size 1024
received message is 7 from 3
Hello from task 3 on c33!
received message is 2 from 6
received message is 3 from 7
message sending prco number : 3
Hello from task 6 on c36!
Hello from task 7 on c37!
time taken for pair 3-7 is 75 for size 1024
received message is 7 from 3
Hello from task 3 on c33!
message sending prco number : 6
message sending prco number : 7
message sending prco number : 0
time taken for pair 2-6 is 214 for size 128
received message is 6 from 2
Hello from task 2 on c32!
message sending prco number : 3
time taken for pair 6-2 is 14 for size 128
time taken for pair 7-3 is 7 for size 512
message sending prco number : 2
time taken for pair 3-7 is 53 for size 1024
received message is 7 from 3
received message is 2 from 6
received message is 3 from 7
Hello from task 3 on c33!
message sending prco number : 3
Hello from task 6 on c36!
Hello from task 7 on c37!
time taken for pair 0-4 is 47 for size 32
time taken for pair 3-7 is 49 for size 1024
received message is 7 from 3
message sending prco number : 6
time taken for pair 4-0 is 448 for size 32
message sending prco number : 7
time taken for pair 2-6 is 208 for size 128
received message is 6 from 2
Hello from task 2 on c32!
Hello from task 3 on c33!
message sending prco number : 3
time taken for pair 6-2 is 23 for size 128
received message is 0 from 4
time taken for pair 7-3 is 7 for size 512
message sending prco number : 2
time taken for pair 3-7 is 38 for size 1024
received message is 7 from 3
Hello from task 3 on c33!
received message is 2 from 6
Hello from task 4 on c34!
received message is 3 from 7
message sending prco number : 3
Hello from task 6 on c36!
message sending prco number : 4
Hello from task 7 on c37!
time taken for pair 3-7 is 77 for size 1024
received message is 7 from 3
Hello from task 3 on c33!
message sending prco number : 6
message sending prco number : 7
message sending prco number : 3
time taken for pair 7-3 is 7 for size 512
time taken for pair 2-6 is 191 for size 128
received message is 6 from 2
Hello from task 2 on c32!
time taken for pair 3-7 is 81 for size 1024
received message is 7 from 3
Hello from task 3 on c33!
received message is 3 from 7
received message is 4 from 0
message sending prco number : 2
message sending prco number : 3
time taken for pair 6-2 is 35 for size 128
Hello from task 7 on c37!
time taken for pair 3-7 is 70 for size 1024
received message is 2 from 6
message sending prco number : 7
received message is 7 from 3
Hello from task 3 on c33!
message sending prco number : 3
Hello from task 6 on c36!
time taken for pair 7-3 is 7 for size 512
Hello from task 0 on c30!
time taken for pair 2-6 is 181 for size 128
received message is 6 from 2
Hello from task 2 on c32!
time taken for pair 3-7 is 35 for size 1024
received message is 7 from 3
message sending prco number : 6
received message is 3 from 7
message sending prco number : 0
time taken for pair 6-2 is 12 for size 128
Hello from task 7 on c37!
message sending prco number : 2
received message is 2 from 6
message sending prco number : 7
Hello from task 6 on c36!
time taken for pair 7-3 is 21 for size 512
time taken for pair 0-4 is 8 for size 64
message sending prco number : 6
received message is 3 from 7
time taken for pair 2-6 is 228 for size 128
received message is 6 from 2
Hello from task 2 on c32!
time taken for pair 4-0 is 586 for size 64
Hello from task 7 on c37!
received message is 4 from 0
time taken for pair 6-2 is 28 for size 128
received message is 0 from 4
message sending prco number : 7
message sending prco number : 2
Hello from task 4 on c34!
time taken for pair 7-3 is 8 for size 1024
received message is 2 from 6
message sending prco number : 4
received message is 3 from 7
Hello from task 7 on c37!
message sending prco number : 7
time taken for pair 7-3 is 7 for size 1024
received message is 3 from 7
Hello from task 6 on c36!
Hello from task 7 on c37!
message sending prco number : 6
message sending prco number : 7
Hello from task 0 on c30!
time taken for pair 2-6 is 214 for size 128
received message is 6 from 2
Hello from task 2 on c32!
message sending prco number : 2
time taken for pair 7-3 is 8 for size 1024
message sending prco number : 0
time taken for pair 6-2 is 13 for size 128
received message is 3 from 7
received message is 2 from 6
Hello from task 7 on c37!
Hello from task 6 on c36!
message sending prco number : 7
time taken for pair 0-4 is 7 for size 64
message sending prco number : 6
time taken for pair 4-0 is 368 for size 64
time taken for pair 7-3 is 7 for size 1024
received message is 0 from 4
received message is 3 from 7
Hello from task 4 on c34!
Hello from task 7 on c37!
message sending prco number : 4
message sending prco number : 7
time taken for pair 6-2 is 12 for size 128
time taken for pair 7-3 is 14 for size 1024
received message is 3 from 7
Hello from task 7 on c37!
message sending prco number : 7
received message is 2 from 6
time taken for pair 7-3 is 8 for size 1024
Hello from task 6 on c36!
received message is 3 from 7
received message is 4 from 0
time taken for pair 2-6 is 323 for size 128
received message is 6 from 2
Hello from task 2 on c32!
message sending prco number : 2
message sending prco number : 6
Hello from task 7 on c37!
time taken for pair 6-2 is 13 for size 128
message sending prco number : 7
time taken for pair 2-6 is 85 for size 128
received message is 6 from 2
Hello from task 2 on c32!
message sending prco number : 2
time taken for pair 7-3 is 8 for size 1024
received message is 3 from 7
Hello from task 7 on c37!
message sending prco number : 7
received message is 2 from 6
time taken for pair 7-3 is 9 for size 1024
Hello from task 0 on c30!
Hello from task 6 on c36!
received message is 3 from 7
message sending prco number : 0
message sending prco number : 6
Hello from task 7 on c37!
message sending prco number : 7
time taken for pair 2-6 is 240 for size 128
received message is 6 from 2
Hello from task 2 on c32!
message sending prco number : 2
time taken for pair 7-3 is 8 for size 1024
time taken for pair 0-4 is 8 for size 64
time taken for pair 6-2 is 13 for size 128
time taken for pair 4-0 is 506 for size 64
received message is 3 from 7
received message is 2 from 6
received message is 0 from 4
Hello from task 7 on c37!
Hello from task 6 on c36!
Hello from task 4 on c34!
message sending prco number : 7
received message is 4 from 0
message sending prco number : 4
time taken for pair 7-3 is 8 for size 1024
message sending prco number : 6
received message is 3 from 7
Hello from task 0 on c30!
time taken for pair 6-2 is 19 for size 256
received message is 2 from 6
message sending prco number : 0
time taken for pair 2-6 is 348 for size 256
received message is 6 from 2
Hello from task 2 on c32!
message sending prco number : 2
time taken for pair 0-4 is 13 for size 64
Hello from task 6 on c36!
time taken for pair 4-0 is 318 for size 64
time taken for pair 2-6 is 96 for size 256
received message is 6 from 2
Hello from task 2 on c32!
message sending prco number : 2
message sending prco number : 6
time taken for pair 6-2 is 13 for size 256
received message is 0 from 4
received message is 2 from 6
Hello from task 4 on c34!
message sending prco number : 4
Hello from task 6 on c36!
received message is 4 from 0
message sending prco number : 6
Hello from task 0 on c30!
time taken for pair 2-6 is 197 for size 256
received message is 6 from 2
Hello from task 2 on c32!
message sending prco number : 2
message sending prco number : 0
time taken for pair 6-2 is 12 for size 256
received message is 2 from 6
time taken for pair 0-4 is 7 for size 64
Hello from task 6 on c36!
message sending prco number : 6
time taken for pair 4-0 is 288 for size 64
received message is 4 from 0
time taken for pair 2-6 is 205 for size 256
received message is 6 from 2
Hello from task 2 on c32!
message sending prco number : 2
received message is 0 from 4
time taken for pair 6-2 is 23 for size 256
Hello from task 4 on c34!
message sending prco number : 4
received message is 2 from 6
Hello from task 0 on c30!
Hello from task 6 on c36!
message sending prco number : 0
time taken for pair 2-6 is 236 for size 256
received message is 6 from 2
Hello from task 2 on c32!
message sending prco number : 2
message sending prco number : 6
time taken for pair 0-4 is 7 for size 64
time taken for pair 6-2 is 35 for size 256
time taken for pair 4-0 is 289 for size 64
received message is 2 from 6
received message is 0 from 4
received message is 4 from 0
Hello from task 6 on c36!
Hello from task 4 on c34!
message sending prco number : 4
time taken for pair 2-6 is 211 for size 256
received message is 6 from 2
Hello from task 2 on c32!
message sending prco number : 2
message sending prco number : 6
Hello from task 0 on c30!
time taken for pair 6-2 is 12 for size 256
received message is 2 from 6
message sending prco number : 0
Hello from task 6 on c36!
time taken for pair 0-4 is 47 for size 64
time taken for pair 2-6 is 205 for size 256
received message is 6 from 2
Hello from task 2 on c32!
message sending prco number : 2
message sending prco number : 6
time taken for pair 4-0 is 240 for size 64
received message is 4 from 0
time taken for pair 6-2 is 34 for size 256
received message is 0 from 4
received message is 2 from 6
Hello from task 4 on c34!
message sending prco number : 4
Hello from task 0 on c30!
Hello from task 6 on c36!
message sending prco number : 6
time taken for pair 2-6 is 199 for size 256
received message is 6 from 2
Hello from task 2 on c32!
message sending prco number : 2
time taken for pair 6-2 is 18 for size 256
message sending prco number : 0
received message is 2 from 6
time taken for pair 0-4 is 7 for size 64
Hello from task 6 on c36!
time taken for pair 4-0 is 307 for size 64
received message is 4 from 0
time taken for pair 2-6 is 203 for size 256
received message is 6 from 2
Hello from task 2 on c32!
message sending prco number : 2
message sending prco number : 6
received message is 0 from 4
time taken for pair 6-2 is 13 for size 256
Hello from task 4 on c34!
message sending prco number : 4
received message is 2 from 6
Hello from task 0 on c30!
message sending prco number : 0
Hello from task 6 on c36!
message sending prco number : 6
time taken for pair 0-4 is 12 for size 64
time taken for pair 2-6 is 239 for size 256
received message is 6 from 2
Hello from task 2 on c32!
message sending prco number : 2
time taken for pair 6-2 is 12 for size 256
time taken for pair 4-0 is 279 for size 64
received message is 2 from 6
received message is 0 from 4
received message is 4 from 0
Hello from task 6 on c36!
Hello from task 4 on c34!
message sending prco number : 6
message sending prco number : 4
Hello from task 0 on c30!
time taken for pair 2-6 is 230 for size 512
received message is 6 from 2
Hello from task 2 on c32!
message sending prco number : 2
message sending prco number : 0
time taken for pair 6-2 is 13 for size 512
received message is 2 from 6
time taken for pair 0-4 is 7 for size 64
Hello from task 6 on c36!
message sending prco number : 6
time taken for pair 4-0 is 280 for size 64
received message is 0 from 4
time taken for pair 2-6 is 211 for size 512
received message is 6 from 2
Hello from task 2 on c32!
message sending prco number : 2
Hello from task 4 on c34!
received message is 4 from 0
time taken for pair 6-2 is 13 for size 512
message sending prco number : 4
received message is 2 from 6
Hello from task 0 on c30!
Hello from task 6 on c36!
message sending prco number : 0
message sending prco number : 6
time taken for pair 0-4 is 41 for size 128
time taken for pair 2-6 is 249 for size 512
received message is 6 from 2
Hello from task 2 on c32!
message sending prco number : 2
time taken for pair 4-0 is 221 for size 128
time taken for pair 6-2 is 33 for size 512
received message is 0 from 4
received message is 2 from 6
Hello from task 4 on c34!
Hello from task 6 on c36!
message sending prco number : 4
time taken for pair 2-6 is 68 for size 512
received message is 6 from 2
Hello from task 2 on c32!
message sending prco number : 2
message sending prco number : 6
time taken for pair 2-6 is 58 for size 512
received message is 6 from 2
Hello from task 2 on c32!
message sending prco number : 2
time taken for pair 6-2 is 15 for size 512
received message is 4 from 0
received message is 2 from 6
time taken for pair 2-6 is 59 for size 512
received message is 6 from 2
Hello from task 2 on c32!
message sending prco number : 2
Hello from task 6 on c36!
message sending prco number : 6
time taken for pair 6-2 is 6 for size 512
received message is 2 from 6
Hello from task 6 on c36!
time taken for pair 2-6 is 46 for size 512
received message is 6 from 2
Hello from task 2 on c32!
message sending prco number : 2
message sending prco number : 6
time taken for pair 6-2 is 11 for size 512
received message is 2 from 6
Hello from task 6 on c36!
message sending prco number : 6
time taken for pair 2-6 is 50 for size 512
received message is 6 from 2
Hello from task 2 on c32!
message sending prco number : 2
time taken for pair 6-2 is 5 for size 512
Hello from task 0 on c30!
received message is 2 from 6
time taken for pair 2-6 is 53 for size 512
received message is 6 from 2
Hello from task 2 on c32!
message sending prco number : 2
Hello from task 6 on c36!
message sending prco number : 6
time taken for pair 6-2 is 6 for size 512
received message is 2 from 6
time taken for pair 2-6 is 58 for size 512
received message is 6 from 2
Hello from task 2 on c32!
message sending prco number : 2
Hello from task 6 on c36!
message sending prco number : 6
time taken for pair 6-2 is 5 for size 512
received message is 2 from 6
Hello from task 6 on c36!
message sending prco number : 6
time taken for pair 6-2 is 5 for size 512
received message is 2 from 6
Hello from task 6 on c36!
message sending prco number : 6
time taken for pair 2-6 is 52 for size 1024
received message is 6 from 2
Hello from task 2 on c32!
message sending prco number : 2
time taken for pair 6-2 is 5 for size 1024
received message is 2 from 6
Hello from task 6 on c36!
message sending prco number : 6
time taken for pair 2-6 is 53 for size 1024
received message is 6 from 2
Hello from task 2 on c32!
message sending prco number : 2
time taken for pair 6-2 is 12 for size 1024
received message is 2 from 6
time taken for pair 2-6 is 54 for size 1024
received message is 6 from 2
Hello from task 2 on c32!
message sending prco number : 2
Hello from task 6 on c36!
message sending prco number : 6
time taken for pair 6-2 is 6 for size 1024
time taken for pair 2-6 is 51 for size 1024
received message is 6 from 2
Hello from task 2 on c32!
message sending prco number : 2
received message is 2 from 6
message sending prco number : 0
Hello from task 6 on c36!
message sending prco number : 6
time taken for pair 2-6 is 44 for size 1024
received message is 6 from 2
Hello from task 2 on c32!
message sending prco number : 2
time taken for pair 6-2 is 6 for size 1024
received message is 2 from 6
Hello from task 6 on c36!
message sending prco number : 6
time taken for pair 6-2 is 6 for size 1024
received message is 2 from 6
time taken for pair 2-6 is 52 for size 1024
Hello from task 6 on c36!
message sending prco number : 6
time taken for pair 6-2 is 11 for size 1024
received message is 2 from 6
received message is 6 from 2
Hello from task 2 on c32!
message sending prco number : 2
Hello from task 6 on c36!
time taken for pair 2-6 is 44 for size 1024
received message is 6 from 2
Hello from task 2 on c32!
message sending prco number : 2
message sending prco number : 6
time taken for pair 6-2 is 6 for size 1024
time taken for pair 2-6 is 53 for size 1024
received message is 6 from 2
Hello from task 2 on c32!
message sending prco number : 2
received message is 2 from 6
time taken for pair 0-4 is 38 for size 128
time taken for pair 2-6 is 48 for size 1024
received message is 6 from 2
Hello from task 2 on c32!
message sending prco number : 2
Hello from task 6 on c36!
time taken for pair 4-0 is 979 for size 128
message sending prco number : 6
received message is 0 from 4
time taken for pair 2-6 is 59 for size 1024
received message is 6 from 2
time taken for pair 6-2 is 7 for size 1024
Hello from task 4 on c34!
received message is 2 from 6
message sending prco number : 4
Hello from task 6 on c36!
message sending prco number : 6
time taken for pair 6-2 is 6 for size 1024
received message is 2 from 6
Hello from task 6 on c36!
message sending prco number : 6
time taken for pair 6-2 is 7 for size 1024
received message is 2 from 6
received message is 4 from 0
Hello from task 0 on c30!
message sending prco number : 0
time taken for pair 0-4 is 7 for size 128
time taken for pair 4-0 is 298 for size 128
received message is 4 from 0
received message is 0 from 4
Hello from task 4 on c34!
message sending prco number : 4
Hello from task 0 on c30!
message sending prco number : 0
time taken for pair 0-4 is 7 for size 128
time taken for pair 4-0 is 183 for size 128
received message is 4 from 0
received message is 0 from 4
Hello from task 4 on c34!
message sending prco number : 4
Hello from task 0 on c30!
message sending prco number : 0
time taken for pair 0-4 is 8 for size 128
received message is 4 from 0
Hello from task 0 on c30!
message sending prco number : 0
time taken for pair 4-0 is 332 for size 128
received message is 0 from 4
Hello from task 4 on c34!
message sending prco number : 4
time taken for pair 4-0 is 10 for size 128
received message is 0 from 4
Hello from task 4 on c34!
message sending prco number : 4
time taken for pair 0-4 is 366 for size 128
received message is 4 from 0
Hello from task 0 on c30!
message sending prco number : 0
time taken for pair 0-4 is 9 for size 128
time taken for pair 4-0 is 462 for size 128
received message is 4 from 0
received message is 0 from 4
Hello from task 4 on c34!
message sending prco number : 4
Hello from task 0 on c30!
message sending prco number : 0
time taken for pair 0-4 is 8 for size 128
time taken for pair 4-0 is 147 for size 128
received message is 0 from 4
received message is 4 from 0
Hello from task 4 on c34!
message sending prco number : 4
Hello from task 0 on c30!
message sending prco number : 0
time taken for pair 0-4 is 7 for size 128
time taken for pair 4-0 is 181 for size 128
received message is 4 from 0
received message is 0 from 4
Hello from task 4 on c34!
message sending prco number : 4
Hello from task 0 on c30!
message sending prco number : 0
time taken for pair 0-4 is 7 for size 128
time taken for pair 4-0 is 180 for size 128
received message is 4 from 0
received message is 0 from 4
Hello from task 4 on c34!
message sending prco number : 4
Hello from task 0 on c30!
message sending prco number : 0
time taken for pair 0-4 is 8 for size 256
time taken for pair 4-0 is 183 for size 256
received message is 4 from 0
received message is 0 from 4
Hello from task 4 on c34!
message sending prco number : 4
Hello from task 0 on c30!
message sending prco number : 0
time taken for pair 0-4 is 8 for size 256
time taken for pair 4-0 is 178 for size 256
received message is 4 from 0
received message is 0 from 4
Hello from task 4 on c34!
message sending prco number : 4
Hello from task 0 on c30!
message sending prco number : 0
time taken for pair 0-4 is 6 for size 256
time taken for pair 4-0 is 207 for size 256
received message is 4 from 0
received message is 0 from 4
Hello from task 4 on c34!
message sending prco number : 4
Hello from task 0 on c30!
message sending prco number : 0
time taken for pair 0-4 is 6 for size 256
time taken for pair 4-0 is 198 for size 256
received message is 4 from 0
received message is 0 from 4
Hello from task 4 on c34!
message sending prco number : 4
Hello from task 0 on c30!
message sending prco number : 0
time taken for pair 0-4 is 6 for size 256
time taken for pair 4-0 is 207 for size 256
received message is 4 from 0
received message is 0 from 4
Hello from task 4 on c34!
message sending prco number : 4
Hello from task 0 on c30!
message sending prco number : 0
time taken for pair 0-4 is 7 for size 256
time taken for pair 4-0 is 205 for size 256
received message is 4 from 0
received message is 0 from 4
Hello from task 4 on c34!
message sending prco number : 4
Hello from task 0 on c30!
message sending prco number : 0
time taken for pair 0-4 is 8 for size 256
time taken for pair 4-0 is 211 for size 256
received message is 4 from 0
received message is 0 from 4
Hello from task 0 on c30!
Hello from task 4 on c34!
message sending prco number : 4
message sending prco number : 0
time taken for pair 0-4 is 7 for size 256
time taken for pair 4-0 is 183 for size 256
received message is 4 from 0
received message is 0 from 4
Hello from task 4 on c34!
message sending prco number : 4
Hello from task 0 on c30!
message sending prco number : 0
time taken for pair 0-4 is 7 for size 256
time taken for pair 4-0 is 210 for size 256
received message is 4 from 0
received message is 0 from 4
Hello from task 0 on c30!
Hello from task 4 on c34!
message sending prco number : 4
message sending prco number : 0
time taken for pair 0-4 is 6 for size 256
time taken for pair 4-0 is 155 for size 256
received message is 4 from 0
received message is 0 from 4
Hello from task 0 on c30!
Hello from task 4 on c34!
message sending prco number : 4
message sending prco number : 0
time taken for pair 0-4 is 6 for size 512
time taken for pair 4-0 is 129 for size 512
received message is 4 from 0
received message is 0 from 4
Hello from task 4 on c34!
message sending prco number : 4
Hello from task 0 on c30!
message sending prco number : 0
time taken for pair 0-4 is 6 for size 512
time taken for pair 4-0 is 137 for size 512
received message is 4 from 0
received message is 0 from 4
Hello from task 0 on c30!
message sending prco number : 0
Hello from task 4 on c34!
message sending prco number : 4
time taken for pair 0-4 is 6 for size 512
time taken for pair 4-0 is 120 for size 512
received message is 4 from 0
received message is 0 from 4
Hello from task 4 on c34!
message sending prco number : 4
Hello from task 0 on c30!
message sending prco number : 0
time taken for pair 0-4 is 6 for size 512
time taken for pair 4-0 is 136 for size 512
received message is 4 from 0
received message is 0 from 4
Hello from task 4 on c34!
Hello from task 0 on c30!
message sending prco number : 4
message sending prco number : 0
time taken for pair 0-4 is 6 for size 512
time taken for pair 4-0 is 130 for size 512
received message is 4 from 0
received message is 0 from 4
Hello from task 4 on c34!
Hello from task 0 on c30!
message sending prco number : 4
message sending prco number : 0
time taken for pair 0-4 is 5 for size 512
time taken for pair 4-0 is 126 for size 512
received message is 4 from 0
received message is 0 from 4
Hello from task 0 on c30!
Hello from task 4 on c34!
message sending prco number : 4
message sending prco number : 0
time taken for pair 0-4 is 5 for size 512
time taken for pair 4-0 is 111 for size 512
received message is 4 from 0
received message is 0 from 4
Hello from task 4 on c34!
message sending prco number : 4
Hello from task 0 on c30!
message sending prco number : 0
time taken for pair 0-4 is 6 for size 512
time taken for pair 4-0 is 127 for size 512
received message is 4 from 0
received message is 0 from 4
Hello from task 4 on c34!
message sending prco number : 4
Hello from task 0 on c30!
message sending prco number : 0
time taken for pair 0-4 is 5 for size 512
time taken for pair 4-0 is 133 for size 512
received message is 4 from 0
received message is 0 from 4
Hello from task 4 on c34!
Hello from task 0 on c30!
message sending prco number : 4
message sending prco number : 0
time taken for pair 0-4 is 6 for size 512
time taken for pair 4-0 is 129 for size 512
received message is 4 from 0
received message is 0 from 4
Hello from task 0 on c30!
Hello from task 4 on c34!
message sending prco number : 4
message sending prco number : 0
time taken for pair 0-4 is 6 for size 1024
time taken for pair 4-0 is 111 for size 1024
received message is 4 from 0
received message is 0 from 4
Hello from task 4 on c34!
Hello from task 0 on c30!
message sending prco number : 4
message sending prco number : 0
time taken for pair 0-4 is 6 for size 1024
time taken for pair 4-0 is 125 for size 1024
received message is 4 from 0
received message is 0 from 4
Hello from task 4 on c34!
Hello from task 0 on c30!
message sending prco number : 4
message sending prco number : 0
time taken for pair 0-4 is 5 for size 1024
time taken for pair 4-0 is 130 for size 1024
received message is 4 from 0
received message is 0 from 4
Hello from task 4 on c34!
Hello from task 0 on c30!
message sending prco number : 4
message sending prco number : 0
time taken for pair 0-4 is 7 for size 1024
time taken for pair 4-0 is 125 for size 1024
received message is 4 from 0
received message is 0 from 4
Hello from task 4 on c34!
Hello from task 0 on c30!
message sending prco number : 4
message sending prco number : 0
time taken for pair 0-4 is 7 for size 1024
time taken for pair 4-0 is 125 for size 1024
received message is 4 from 0
received message is 0 from 4
Hello from task 4 on c34!
message sending prco number : 4
Hello from task 0 on c30!
message sending prco number : 0
time taken for pair 0-4 is 7 for size 1024
time taken for pair 4-0 is 134 for size 1024
received message is 4 from 0
received message is 0 from 4
Hello from task 0 on c30!
message sending prco number : 0
Hello from task 4 on c34!
message sending prco number : 4
time taken for pair 0-4 is 7 for size 1024
time taken for pair 4-0 is 121 for size 1024
received message is 4 from 0
received message is 0 from 4
Hello from task 4 on c34!
message sending prco number : 4
Hello from task 0 on c30!
message sending prco number : 0
time taken for pair 0-4 is 7 for size 1024
time taken for pair 4-0 is 133 for size 1024
received message is 4 from 0
received message is 0 from 4
Hello from task 4 on c34!
message sending prco number : 4
Hello from task 0 on c30!
message sending prco number : 0
time taken for pair 0-4 is 6 for size 1024
time taken for pair 4-0 is 134 for size 1024
received message is 4 from 0
received message is 0 from 4
Hello from task 0 on c30!
Hello from task 4 on c34!
message sending prco number : 4
message sending prco number : 0
time taken for pair 0-4 is 6 for size 1024
time taken for pair 4-0 is 115 for size 1024
received message is 4 from 0
received message is 0 from 4
