[prun] Master compute host = c34
[prun] Resource manager = slurm
[prun] Launch cmd = mpiexec.hydra -bootstrap slurm ./mpi_sendrcv
[cli_4]: aborting job:
Fatal error in PMPI_Comm_size:
Invalid communicator, error stack:
PMPI_Comm_size(112): MPI_Comm_size(comm=0x0, size=(nil)) failed
PMPI_Comm_size(71).: Invalid communicator

[cli_0]: aborting job:
Fatal error in PMPI_Comm_size:
Invalid communicator, error stack:
PMPI_Comm_size(112): MPI_Comm_size(comm=0x0, size=(nil)) failed
PMPI_Comm_size(71).: Invalid communicator

[cli_5]: aborting job:
Fatal error in PMPI_Comm_size:
Invalid communicator, error stack:
PMPI_Comm_size(112): MPI_Comm_size(comm=0x0, size=(nil)) failed
PMPI_Comm_size(71).: Invalid communicator

[cli_7]: aborting job:
Fatal error in PMPI_Comm_size:
Invalid communicator, error stack:
PMPI_Comm_size(112): MPI_Comm_size(comm=0x0, size=(nil)) failed
PMPI_Comm_size(71).: Invalid communicator

[cli_2]: aborting job:
Fatal error in PMPI_Comm_size:
Invalid communicator, error stack:
PMPI_Comm_size(112): MPI_Comm_size(comm=0x0, size=(nil)) failed
PMPI_Comm_size(71).: Invalid communicator

[cli_6]: aborting job:
Fatal error in PMPI_Comm_size:
Invalid communicator, error stack:
PMPI_Comm_size(112): MPI_Comm_size(comm=0x0, size=(nil)) failed
PMPI_Comm_size(71).: Invalid communicator

[cli_3]: aborting job:
Fatal error in PMPI_Comm_size:
Invalid communicator, error stack:
PMPI_Comm_size(112): MPI_Comm_size(comm=0x0, size=(nil)) failed
PMPI_Comm_size(71).: Invalid communicator

[cli_1]: aborting job:
Fatal error in PMPI_Comm_size:
Invalid communicator, error stack:
PMPI_Comm_size(112): MPI_Comm_size(comm=0x0, size=(nil)) failed
PMPI_Comm_size(71).: Invalid communicator


===================================================================================
=   BAD TERMINATION OF ONE OF YOUR APPLICATION PROCESSES
=   PID 25733 RUNNING AT c38
=   EXIT CODE: 1
=   CLEANING UP REMAINING PROCESSES
=   YOU CAN IGNORE THE BELOW CLEANUP MESSAGES
===================================================================================
[proxy:0:1@c35] HYD_pmcd_pmip_control_cmd_cb (pm/pmiserv/pmip_cb.c:909): assert (!closed) failed
[proxy:0:1@c35] HYDT_dmxu_poll_wait_for_event (tools/demux/demux_poll.c:76): callback returned error status
[proxy:0:1@c35] main (pm/pmiserv/pmip.c:206): demux engine error waiting for event
[proxy:0:0@c34] HYDU_sock_write (utils/sock/sock.c:286): write error (Broken pipe)
[proxy:0:0@c34] main (pm/pmiserv/pmip.c:272): unable to return exit status upstream
srun: error: c34: task 0: Exited with exit code 5
srun: error: c35: task 1: Exited with exit code 7
