[prun] Master compute host = c34
[prun] Resource manager = slurm
[prun] Launch cmd = mpiexec.hydra -bootstrap slurm ./mpi_sendrcv
[cli_1]: aborting job:
Fatal error in PMPI_Comm_size:
Invalid communicator, error stack:
PMPI_Comm_size(112): MPI_Comm_size(comm=0x0, size=(nil)) failed
PMPI_Comm_size(71).: Invalid communicator

[cli_4]: aborting job:
Fatal error in PMPI_Comm_size:
Invalid communicator, error stack:
PMPI_Comm_size(112): MPI_Comm_size(comm=0x0, size=(nil)) failed
PMPI_Comm_size(71).: Invalid communicator

[cli_2]: aborting job:
Fatal error in PMPI_Comm_size:
Invalid communicator, error stack:
PMPI_Comm_size(112): MPI_Comm_size(comm=0x0, size=(nil)) failed
PMPI_Comm_size(71).: Invalid communicator

[cli_5]: aborting job:
Fatal error in PMPI_Comm_size:
Invalid communicator, error stack:
PMPI_Comm_size(112): MPI_Comm_size(comm=0x0, size=(nil)) failed
PMPI_Comm_size(71).: Invalid communicator

[cli_7]: aborting job:
Fatal error in PMPI_Comm_size:
Invalid communicator, error stack:
PMPI_Comm_size(112): MPI_Comm_size(comm=0x0, size=(nil)) failed
PMPI_Comm_size(71).: Invalid communicator

[cli_3]: aborting job:
Fatal error in PMPI_Comm_size:
Invalid communicator, error stack:
PMPI_Comm_size(112): MPI_Comm_size(comm=0x0, size=(nil)) failed
PMPI_Comm_size(71).: Invalid communicator

[cli_6]: 
===================================================================================
=   BAD TERMINATION OF ONE OF YOUR APPLICATION PROCESSES
=   PID 8676 RUNNING AT c35
=   EXIT CODE: 1
=   CLEANING UP REMAINING PROCESSES
=   YOU CAN IGNORE THE BELOW CLEANUP MESSAGES
===================================================================================
[proxy:0:0@c34] HYD_pmcd_pmip_control_cmd_cb (pm/pmiserv/pmip_cb.c:909): assert (!closed) failed
[proxy:0:0@c34] HYDT_dmxu_poll_wait_for_event (tools/demux/demux_poll.c:76): callback returned error status
[proxy:0:0@c34] main (pm/pmiserv/pmip.c:206): demux engine error waiting for event
[proxy:0:3@c37] HYD_pmcd_pmip_control_cmd_cb (pm/pmiserv/pmip_cb.c:909): assert (!closed) failed
[proxy:0:3@c37] [proxy:0:7@c41] HYD_pmcd_pmip_control_cmd_cb (pm/pmiserv/pmip_cb.c:909): assert (!closed) failed
[proxy:0:7@c41] HYDT_dmxu_poll_wait_for_event (tools/demux/demux_poll.c:76): callback returned error status
[proxy:0:7@c41] main (pm/pmiserv/pmip.c:206): demux engine error waiting for event
HYDT_dmxu_poll_wait_for_event (tools/demux/demux_poll.c:76): callback returned error status
[proxy:0:3@c37] main (pm/pmiserv/pmip.c:206): demux engine error waiting for event
[proxy:0:6@c40] main (pm/pmiserv/pmip.c:266): assert (!closed) failed
srun: error: c34: task 0: Exited with exit code 7
srun: error: c40: task 6: Exited with exit code 7
srun: error: c37: task 3: Exited with exit code 7
srun: error: c41: task 7: Exited with exit code 7
[mpiexec@c34] HYDT_bscu_wait_for_completion (tools/bootstrap/utils/bscu_wait.c:76): one of the processes terminated badly; aborting
[mpiexec@c34] HYDT_bsci_wait_for_completion (tools/bootstrap/src/bsci_wait.c:23): launcher returned error waiting for completion
[mpiexec@c34] HYD_pmci_wait_for_completion (pm/pmiserv/pmiserv_pmci.c:218): launcher returned error waiting for completion
[mpiexec@c34] main (ui/mpich/mpiexec.c:344): process manager error waiting for completion
