[prun] Master compute host = c38
[prun] Resource manager = slurm
[prun] Launch cmd = mpiexec.hydra -bootstrap slurm ./mpi_sendrcv
[cli_3]: aborting job:
Fatal error in PMPI_Comm_size:
Invalid communicator, error stack:
PMPI_Comm_size(112): MPI_Comm_size(comm=0x0, size=(nil)) failed
PMPI_Comm_size(71).: Invalid communicator

[cli_6]: aborting job:
Fatal error in PMPI_Comm_size:
Invalid communicator, error stack:
PMPI_Comm_size(112): MPI_Comm_size(comm=0x0, size=(nil)) failed
PMPI_Comm_size(71).: Invalid communicator

[cli_7]: aborting job:
Fatal error in PMPI_Comm_size:
Invalid communicator, error stack:
PMPI_Comm_size(112): MPI_Comm_size(comm=0x0, size=(nil)) failed
PMPI_Comm_size(71).: Invalid communicator

[cli_0]: aborting job:
Fatal error in PMPI_Comm_size:
Invalid communicator, error stack:
PMPI_Comm_size(112): MPI_Comm_size(comm=0x0, size=(nil)) failed
PMPI_Comm_size(71).: Invalid communicator

[cli_5]: aborting job:
Fatal error in PMPI_Comm_size:
Invalid communicator, error stack:
PMPI_Comm_size(112): MPI_Comm_size(comm=0x0, size=(nil)) failed
PMPI_Comm_size(71).: Invalid communicator


===================================================================================
=   BAD TERMINATION OF ONE OF YOUR APPLICATION PROCESSES
=   PID 31017 RUNNING AT c41
=   EXIT CODE: 1
=   CLEANING UP REMAINING PROCESSES
=   YOU CAN IGNORE THE BELOW CLEANUP MESSAGES
===================================================================================
[proxy:0:0@c38] [proxy:0:2@c40] HYD_pmcd_pmip_control_cmd_cb (pm/pmiserv/pmip_cb.c:909): assert (!closed) failed
[proxy:0:0@c38] HYDT_dmxu_poll_wait_for_event (tools/demux/demux_poll.c:76): [proxy:0:1@c39] HYD_pmcd_pmip_control_cmd_cb (pm/pmiserv/pmip_cb.c:909): assert (!closed) failed
[proxy:0:1@c39] HYDT_dmxu_poll_wait_for_event (tools/demux/demux_poll.c:76): callback returned error status
[proxy:0:1@c39] main (pm/pmiserv/pmip.c:206): demux engine error waiting for event
HYD_pmcd_pmip_control_cmd_cb (pm/pmiserv/pmip_cb.c:909): [proxy:0:5@c43] HYD_pmcd_pmip_control_cmd_cb (pm/pmiserv/pmip_cb.c:909): assert (!closed) failed
[proxy:0:5@c43] HYDT_dmxu_poll_wait_for_event (tools/demux/demux_poll.c:76): callback returned error status
[proxy:0:5@c43] main (pm/pmiserv/pmip.c:206): demux engine error waiting for event
[proxy:0:7@c45] HYD_pmcd_pmip_control_cmd_cb (pm/pmiserv/pmip_cb.c:909): assert (!closed) failed
[proxy:0:7@c45] HYDT_dmxu_poll_wait_for_event (tools/demux/demux_poll.c:76): callback returned error status
[proxy:0:7@c45] main (pm/pmiserv/pmip.c:206): demux engine error waiting for event
assert (!closed) failed
[proxy:0:4@c42] HYD_pmcd_pmip_control_cmd_cb (pm/pmiserv/pmip_cb.c:909): assert (!closed) failed
[proxy:0:4@c42] HYDT_dmxu_poll_wait_for_event (tools/demux/demux_poll.c:76): callback returned error status
[proxy:0:4@c42] main (pm/pmiserv/pmip.c:206): demux engine error waiting for event
[proxy:0:2@c40] HYDT_dmxu_poll_wait_for_event (tools/demux/demux_poll.c:76): callback returned error status
[proxy:0:2@c40] main (pm/pmiserv/pmip.c:206): demux engine error waiting for event
callback returned error status
[proxy:0:0@c38] main (pm/pmiserv/pmip.c:206): demux engine error waiting for event
srun: error: c40: task 2: Exited with exit code 7
srun: error: c39: task 1: Exited with exit code 7
srun: error: c42: task 4: Exited with exit code 7
srun: error: c45: task 7: Exited with exit code 7
srun: error: c38: task 0: Exited with exit code 7
srun: error: c43: task 5: Exited with exit code 7
[mpiexec@c38] HYDT_bscu_wait_for_completion (tools/bootstrap/utils/bscu_wait.c:76): one of the processes terminated badly; aborting
[mpiexec@c38] HYDT_bsci_wait_for_completion (tools/bootstrap/src/bsci_wait.c:23): launcher returned error waiting for completion
[mpiexec@c38] HYD_pmci_wait_for_completion (pm/pmiserv/pmiserv_pmci.c:218): launcher returned error waiting for completion
[mpiexec@c38] main (ui/mpich/mpiexec.c:344): process manager error waiting for completion
