2020-04-06 17:23:37,067 INFO  [main] namenode.NameNode (LogAdapter.java:info(47)) - STARTUP_MSG: 
/************************************************************
STARTUP_MSG: Starting NameNode
STARTUP_MSG:   host = c41.localdomain/10.4.1.42
STARTUP_MSG:   args = []
STARTUP_MSG:   version = 2.7.2
STARTUP_MSG:   classpath = /home/arajend4/hw4/Parallel_system/hw5/p1/hadoop/etc/hadoop:/home/arajend4/hw4/Parallel_system/hw5/p1/hadoop/share/hadoop/common/lib/slf4j-log4j12-1.7.10.jar:/home/arajend4/hw4/Parallel_system/hw5/p1/hadoop/share/hadoop/common/lib/commons-compress-1.4.1.jar:/home/arajend4/hw4/Parallel_system/hw5/p1/hadoop/share/hadoop/common/lib/jersey-core-1.9.jar:/home/arajend4/hw4/Parallel_system/hw5/p1/hadoop/share/hadoop/common/lib/jsr305-3.0.0.jar:/home/arajend4/hw4/Parallel_system/hw5/p1/hadoop/share/hadoop/common/lib/jsch-0.1.42.jar:/home/arajend4/hw4/Parallel_system/hw5/p1/hadoop/share/hadoop/common/lib/zookeeper-3.4.6.jar:/home/arajend4/hw4/Parallel_system/hw5/p1/hadoop/share/hadoop/common/lib/commons-cli-1.2.jar:/home/arajend4/hw4/Parallel_system/hw5/p1/hadoop/share/hadoop/common/lib/commons-collections-3.2.2.jar:/home/arajend4/hw4/Parallel_system/hw5/p1/hadoop/share/hadoop/common/lib/apacheds-kerberos-codec-2.0.0-M15.jar:/home/arajend4/hw4/Parallel_system/hw5/p1/hadoop/share/hadoop/common/lib/mockito-all-1.8.5.jar:/home/arajend4/hw4/Parallel_system/hw5/p1/hadoop/share/hadoop/common/lib/guava-11.0.2.jar:/home/arajend4/hw4/Parallel_system/hw5/p1/hadoop/share/hadoop/common/lib/hamcrest-core-1.3.jar:/home/arajend4/hw4/Parallel_system/hw5/p1/hadoop/share/hadoop/common/lib/commons-logging-1.1.3.jar:/home/arajend4/hw4/Parallel_system/hw5/p1/hadoop/share/hadoop/common/lib/jackson-mapper-asl-1.9.13.jar:/home/arajend4/hw4/Parallel_system/hw5/p1/hadoop/share/hadoop/common/lib/jackson-xc-1.9.13.jar:/home/arajend4/hw4/Parallel_system/hw5/p1/hadoop/share/hadoop/common/lib/protobuf-java-2.5.0.jar:/home/arajend4/hw4/Parallel_system/hw5/p1/hadoop/share/hadoop/common/lib/jersey-json-1.9.jar:/home/arajend4/hw4/Parallel_system/hw5/p1/hadoop/share/hadoop/common/lib/commons-beanutils-core-1.8.0.jar:/home/arajend4/hw4/Parallel_system/hw5/p1/hadoop/share/hadoop/common/lib/jetty-6.1.26.jar:/home/arajend4/hw4/Parallel_system/hw5/p1/hadoop/share/hadoop/common/lib/paranamer-2.3.jar:/home/arajend4/hw4/Parallel_system/hw5/p1/hadoop/share/hadoop/common/lib/jaxb-api-2.2.2.jar:/home/arajend4/hw4/Parallel_system/hw5/p1/hadoop/share/hadoop/common/lib/htrace-core-3.1.0-incubating.jar:/home/arajend4/hw4/Parallel_system/hw5/p1/hadoop/share/hadoop/common/lib/stax-api-1.0-2.jar:/home/arajend4/hw4/Parallel_system/hw5/p1/hadoop/share/hadoop/common/lib/httpcore-4.2.5.jar:/home/arajend4/hw4/Parallel_system/hw5/p1/hadoop/share/hadoop/common/lib/servlet-api-2.5.jar:/home/arajend4/hw4/Parallel_system/hw5/p1/hadoop/share/hadoop/common/lib/jets3t-0.9.0.jar:/home/arajend4/hw4/Parallel_system/hw5/p1/hadoop/share/hadoop/common/lib/commons-httpclient-3.1.jar:/home/arajend4/hw4/Parallel_system/hw5/p1/hadoop/share/hadoop/common/lib/jackson-core-asl-1.9.13.jar:/home/arajend4/hw4/Parallel_system/hw5/p1/hadoop/share/hadoop/common/lib/commons-net-3.1.jar:/home/arajend4/hw4/Parallel_system/hw5/p1/hadoop/share/hadoop/common/lib/curator-recipes-2.7.1.jar:/home/arajend4/hw4/Parallel_system/hw5/p1/hadoop/share/hadoop/common/lib/xz-1.0.jar:/home/arajend4/hw4/Parallel_system/hw5/p1/hadoop/share/hadoop/common/lib/jersey-server-1.9.jar:/home/arajend4/hw4/Parallel_system/hw5/p1/hadoop/share/hadoop/common/lib/snappy-java-1.0.4.1.jar:/home/arajend4/hw4/Parallel_system/hw5/p1/hadoop/share/hadoop/common/lib/jettison-1.1.jar:/home/arajend4/hw4/Parallel_system/hw5/p1/hadoop/share/hadoop/common/lib/jackson-jaxrs-1.9.13.jar:/home/arajend4/hw4/Parallel_system/hw5/p1/hadoop/share/hadoop/common/lib/junit-4.11.jar:/home/arajend4/hw4/Parallel_system/hw5/p1/hadoop/share/hadoop/common/lib/commons-math3-3.1.1.jar:/home/arajend4/hw4/Parallel_system/hw5/p1/hadoop/share/hadoop/common/lib/commons-io-2.4.jar:/home/arajend4/hw4/Parallel_system/hw5/p1/hadoop/share/hadoop/common/lib/commons-beanutils-1.7.0.jar:/home/arajend4/hw4/Parallel_system/hw5/p1/hadoop/share/hadoop/common/lib/log4j-1.2.17.jar:/home/arajend4/hw4/Parallel_system/hw5/p1/hadoop/share/hadoop/common/lib/netty-3.6.2.Final.jar:/home/arajend4/hw4/Parallel_system/hw5/p1/hadoop/share/hadoop/common/lib/java-xmlbuilder-0.4.jar:/home/arajend4/hw4/Parallel_system/hw5/p1/hadoop/share/hadoop/common/lib/jsp-api-2.1.jar:/home/arajend4/hw4/Parallel_system/hw5/p1/hadoop/share/hadoop/common/lib/hadoop-auth-2.7.2.jar:/home/arajend4/hw4/Parallel_system/hw5/p1/hadoop/share/hadoop/common/lib/curator-client-2.7.1.jar:/home/arajend4/hw4/Parallel_system/hw5/p1/hadoop/share/hadoop/common/lib/avro-1.7.4.jar:/home/arajend4/hw4/Parallel_system/hw5/p1/hadoop/share/hadoop/common/lib/asm-3.2.jar:/home/arajend4/hw4/Parallel_system/hw5/p1/hadoop/share/hadoop/common/lib/jaxb-impl-2.2.3-1.jar:/home/arajend4/hw4/Parallel_system/hw5/p1/hadoop/share/hadoop/common/lib/commons-digester-1.8.jar:/home/arajend4/hw4/Parallel_system/hw5/p1/hadoop/share/hadoop/common/lib/activation-1.1.jar:/home/arajend4/hw4/Parallel_system/hw5/p1/hadoop/share/hadoop/common/lib/commons-lang-2.6.jar:/home/arajend4/hw4/Parallel_system/hw5/p1/hadoop/share/hadoop/common/lib/gson-2.2.4.jar:/home/arajend4/hw4/Parallel_system/hw5/p1/hadoop/share/hadoop/common/lib/xmlenc-0.52.jar:/home/arajend4/hw4/Parallel_system/hw5/p1/hadoop/share/hadoop/common/lib/commons-configuration-1.6.jar:/home/arajend4/hw4/Parallel_system/hw5/p1/hadoop/share/hadoop/common/lib/jetty-util-6.1.26.jar:/home/arajend4/hw4/Parallel_system/hw5/p1/hadoop/share/hadoop/common/lib/commons-codec-1.4.jar:/home/arajend4/hw4/Parallel_system/hw5/p1/hadoop/share/hadoop/common/lib/slf4j-api-1.7.10.jar:/home/arajend4/hw4/Parallel_system/hw5/p1/hadoop/share/hadoop/common/lib/api-asn1-api-1.0.0-M20.jar:/home/arajend4/hw4/Parallel_system/hw5/p1/hadoop/share/hadoop/common/lib/api-util-1.0.0-M20.jar:/home/arajend4/hw4/Parallel_system/hw5/p1/hadoop/share/hadoop/common/lib/apacheds-i18n-2.0.0-M15.jar:/home/arajend4/hw4/Parallel_system/hw5/p1/hadoop/share/hadoop/common/lib/curator-framework-2.7.1.jar:/home/arajend4/hw4/Parallel_system/hw5/p1/hadoop/share/hadoop/common/lib/hadoop-annotations-2.7.2.jar:/home/arajend4/hw4/Parallel_system/hw5/p1/hadoop/share/hadoop/common/lib/httpclient-4.2.5.jar:/home/arajend4/hw4/Parallel_system/hw5/p1/hadoop/share/hadoop/common/hadoop-common-2.7.2.jar:/home/arajend4/hw4/Parallel_system/hw5/p1/hadoop/share/hadoop/common/hadoop-nfs-2.7.2.jar:/home/arajend4/hw4/Parallel_system/hw5/p1/hadoop/share/hadoop/common/hadoop-common-2.7.2-tests.jar:/home/arajend4/hw4/Parallel_system/hw5/p1/hadoop/share/hadoop/hdfs:/home/arajend4/hw4/Parallel_system/hw5/p1/hadoop/share/hadoop/hdfs/lib/jersey-core-1.9.jar:/home/arajend4/hw4/Parallel_system/hw5/p1/hadoop/share/hadoop/hdfs/lib/jsr305-3.0.0.jar:/home/arajend4/hw4/Parallel_system/hw5/p1/hadoop/share/hadoop/hdfs/lib/netty-all-4.0.23.Final.jar:/home/arajend4/hw4/Parallel_system/hw5/p1/hadoop/share/hadoop/hdfs/lib/xml-apis-1.3.04.jar:/home/arajend4/hw4/Parallel_system/hw5/p1/hadoop/share/hadoop/hdfs/lib/commons-cli-1.2.jar:/home/arajend4/hw4/Parallel_system/hw5/p1/hadoop/share/hadoop/hdfs/lib/guava-11.0.2.jar:/home/arajend4/hw4/Parallel_system/hw5/p1/hadoop/share/hadoop/hdfs/lib/commons-logging-1.1.3.jar:/home/arajend4/hw4/Parallel_system/hw5/p1/hadoop/share/hadoop/hdfs/lib/jackson-mapper-asl-1.9.13.jar:/home/arajend4/hw4/Parallel_system/hw5/p1/hadoop/share/hadoop/hdfs/lib/leveldbjni-all-1.8.jar:/home/arajend4/hw4/Parallel_system/hw5/p1/hadoop/share/hadoop/hdfs/lib/protobuf-java-2.5.0.jar:/home/arajend4/hw4/Parallel_system/hw5/p1/hadoop/share/hadoop/hdfs/lib/jetty-6.1.26.jar:/home/arajend4/hw4/Parallel_system/hw5/p1/hadoop/share/hadoop/hdfs/lib/htrace-core-3.1.0-incubating.jar:/home/arajend4/hw4/Parallel_system/hw5/p1/hadoop/share/hadoop/hdfs/lib/servlet-api-2.5.jar:/home/arajend4/hw4/Parallel_system/hw5/p1/hadoop/share/hadoop/hdfs/lib/jackson-core-asl-1.9.13.jar:/home/arajend4/hw4/Parallel_system/hw5/p1/hadoop/share/hadoop/hdfs/lib/jersey-server-1.9.jar:/home/arajend4/hw4/Parallel_system/hw5/p1/hadoop/share/hadoop/hdfs/lib/commons-io-2.4.jar:/home/arajend4/hw4/Parallel_system/hw5/p1/hadoop/share/hadoop/hdfs/lib/xercesImpl-2.9.1.jar:/home/arajend4/hw4/Parallel_system/hw5/p1/hadoop/share/hadoop/hdfs/lib/log4j-1.2.17.jar:/home/arajend4/hw4/Parallel_system/hw5/p1/hadoop/share/hadoop/hdfs/lib/netty-3.6.2.Final.jar:/home/arajend4/hw4/Parallel_system/hw5/p1/hadoop/share/hadoop/hdfs/lib/asm-3.2.jar:/home/arajend4/hw4/Parallel_system/hw5/p1/hadoop/share/hadoop/hdfs/lib/commons-lang-2.6.jar:/home/arajend4/hw4/Parallel_system/hw5/p1/hadoop/share/hadoop/hdfs/lib/xmlenc-0.52.jar:/home/arajend4/hw4/Parallel_system/hw5/p1/hadoop/share/hadoop/hdfs/lib/jetty-util-6.1.26.jar:/home/arajend4/hw4/Parallel_system/hw5/p1/hadoop/share/hadoop/hdfs/lib/commons-codec-1.4.jar:/home/arajend4/hw4/Parallel_system/hw5/p1/hadoop/share/hadoop/hdfs/lib/commons-daemon-1.0.13.jar:/home/arajend4/hw4/Parallel_system/hw5/p1/hadoop/share/hadoop/hdfs/hadoop-hdfs-2.7.2.jar:/home/arajend4/hw4/Parallel_system/hw5/p1/hadoop/share/hadoop/hdfs/hadoop-hdfs-2.7.2-tests.jar:/home/arajend4/hw4/Parallel_system/hw5/p1/hadoop/share/hadoop/hdfs/hadoop-hdfs-nfs-2.7.2.jar:/home/arajend4/hw4/Parallel_system/hw5/p1/hadoop/share/hadoop/yarn/lib/commons-compress-1.4.1.jar:/home/arajend4/hw4/Parallel_system/hw5/p1/hadoop/share/hadoop/yarn/lib/jersey-core-1.9.jar:/home/arajend4/hw4/Parallel_system/hw5/p1/hadoop/share/hadoop/yarn/lib/jsr305-3.0.0.jar:/home/arajend4/hw4/Parallel_system/hw5/p1/hadoop/share/hadoop/yarn/lib/zookeeper-3.4.6.jar:/home/arajend4/hw4/Parallel_system/hw5/p1/hadoop/share/hadoop/yarn/lib/commons-cli-1.2.jar:/home/arajend4/hw4/Parallel_system/hw5/p1/hadoop/share/hadoop/yarn/lib/commons-collections-3.2.2.jar:/home/arajend4/hw4/Parallel_system/hw5/p1/hadoop/share/hadoop/yarn/lib/guava-11.0.2.jar:/home/arajend4/hw4/Parallel_system/hw5/p1/hadoop/share/hadoop/yarn/lib/jersey-client-1.9.jar:/home/arajend4/hw4/Parallel_system/hw5/p1/hadoop/share/hadoop/yarn/lib/commons-logging-1.1.3.jar:/home/arajend4/hw4/Parallel_system/hw5/p1/hadoop/share/hadoop/yarn/lib/zookeeper-3.4.6-tests.jar:/home/arajend4/hw4/Parallel_system/hw5/p1/hadoop/share/hadoop/yarn/lib/jackson-mapper-asl-1.9.13.jar:/home/arajend4/hw4/Parallel_system/hw5/p1/hadoop/share/hadoop/yarn/lib/leveldbjni-all-1.8.jar:/home/arajend4/hw4/Parallel_system/hw5/p1/hadoop/share/hadoop/yarn/lib/jackson-xc-1.9.13.jar:/home/arajend4/hw4/Parallel_system/hw5/p1/hadoop/share/hadoop/yarn/lib/protobuf-java-2.5.0.jar:/home/arajend4/hw4/Parallel_system/hw5/p1/hadoop/share/hadoop/yarn/lib/jersey-json-1.9.jar:/home/arajend4/hw4/Parallel_system/hw5/p1/hadoop/share/hadoop/yarn/lib/jetty-6.1.26.jar:/home/arajend4/hw4/Parallel_system/hw5/p1/hadoop/share/hadoop/yarn/lib/jaxb-api-2.2.2.jar:/home/arajend4/hw4/Parallel_system/hw5/p1/hadoop/share/hadoop/yarn/lib/stax-api-1.0-2.jar:/home/arajend4/hw4/Parallel_system/hw5/p1/hadoop/share/hadoop/yarn/lib/servlet-api-2.5.jar:/home/arajend4/hw4/Parallel_system/hw5/p1/hadoop/share/hadoop/yarn/lib/jackson-core-asl-1.9.13.jar:/home/arajend4/hw4/Parallel_system/hw5/p1/hadoop/share/hadoop/yarn/lib/xz-1.0.jar:/home/arajend4/hw4/Parallel_system/hw5/p1/hadoop/share/hadoop/yarn/lib/jersey-server-1.9.jar:/home/arajend4/hw4/Parallel_system/hw5/p1/hadoop/share/hadoop/yarn/lib/jettison-1.1.jar:/home/arajend4/hw4/Parallel_system/hw5/p1/hadoop/share/hadoop/yarn/lib/jackson-jaxrs-1.9.13.jar:/home/arajend4/hw4/Parallel_system/hw5/p1/hadoop/share/hadoop/yarn/lib/aopalliance-1.0.jar:/home/arajend4/hw4/Parallel_system/hw5/p1/hadoop/share/hadoop/yarn/lib/javax.inject-1.jar:/home/arajend4/hw4/Parallel_system/hw5/p1/hadoop/share/hadoop/yarn/lib/jersey-guice-1.9.jar:/home/arajend4/hw4/Parallel_system/hw5/p1/hadoop/share/hadoop/yarn/lib/commons-io-2.4.jar:/home/arajend4/hw4/Parallel_system/hw5/p1/hadoop/share/hadoop/yarn/lib/log4j-1.2.17.jar:/home/arajend4/hw4/Parallel_system/hw5/p1/hadoop/share/hadoop/yarn/lib/netty-3.6.2.Final.jar:/home/arajend4/hw4/Parallel_system/hw5/p1/hadoop/share/hadoop/yarn/lib/guice-servlet-3.0.jar:/home/arajend4/hw4/Parallel_system/hw5/p1/hadoop/share/hadoop/yarn/lib/asm-3.2.jar:/home/arajend4/hw4/Parallel_system/hw5/p1/hadoop/share/hadoop/yarn/lib/jaxb-impl-2.2.3-1.jar:/home/arajend4/hw4/Parallel_system/hw5/p1/hadoop/share/hadoop/yarn/lib/activation-1.1.jar:/home/arajend4/hw4/Parallel_system/hw5/p1/hadoop/share/hadoop/yarn/lib/commons-lang-2.6.jar:/home/arajend4/hw4/Parallel_system/hw5/p1/hadoop/share/hadoop/yarn/lib/jetty-util-6.1.26.jar:/home/arajend4/hw4/Parallel_system/hw5/p1/hadoop/share/hadoop/yarn/lib/commons-codec-1.4.jar:/home/arajend4/hw4/Parallel_system/hw5/p1/hadoop/share/hadoop/yarn/lib/guice-3.0.jar:/home/arajend4/hw4/Parallel_system/hw5/p1/hadoop/share/hadoop/yarn/hadoop-yarn-server-nodemanager-2.7.2.jar:/home/arajend4/hw4/Parallel_system/hw5/p1/hadoop/share/hadoop/yarn/hadoop-yarn-common-2.7.2.jar:/home/arajend4/hw4/Parallel_system/hw5/p1/hadoop/share/hadoop/yarn/hadoop-yarn-server-applicationhistoryservice-2.7.2.jar:/home/arajend4/hw4/Parallel_system/hw5/p1/hadoop/share/hadoop/yarn/hadoop-yarn-client-2.7.2.jar:/home/arajend4/hw4/Parallel_system/hw5/p1/hadoop/share/hadoop/yarn/hadoop-yarn-server-tests-2.7.2.jar:/home/arajend4/hw4/Parallel_system/hw5/p1/hadoop/share/hadoop/yarn/hadoop-yarn-registry-2.7.2.jar:/home/arajend4/hw4/Parallel_system/hw5/p1/hadoop/share/hadoop/yarn/hadoop-yarn-server-sharedcachemanager-2.7.2.jar:/home/arajend4/hw4/Parallel_system/hw5/p1/hadoop/share/hadoop/yarn/hadoop-yarn-applications-distributedshell-2.7.2.jar:/home/arajend4/hw4/Parallel_system/hw5/p1/hadoop/share/hadoop/yarn/hadoop-yarn-api-2.7.2.jar:/home/arajend4/hw4/Parallel_system/hw5/p1/hadoop/share/hadoop/yarn/hadoop-yarn-server-common-2.7.2.jar:/home/arajend4/hw4/Parallel_system/hw5/p1/hadoop/share/hadoop/yarn/hadoop-yarn-server-resourcemanager-2.7.2.jar:/home/arajend4/hw4/Parallel_system/hw5/p1/hadoop/share/hadoop/yarn/hadoop-yarn-applications-unmanaged-am-launcher-2.7.2.jar:/home/arajend4/hw4/Parallel_system/hw5/p1/hadoop/share/hadoop/yarn/hadoop-yarn-server-web-proxy-2.7.2.jar:/home/arajend4/hw4/Parallel_system/hw5/p1/hadoop/share/hadoop/mapreduce/lib/commons-compress-1.4.1.jar:/home/arajend4/hw4/Parallel_system/hw5/p1/hadoop/share/hadoop/mapreduce/lib/jersey-core-1.9.jar:/home/arajend4/hw4/Parallel_system/hw5/p1/hadoop/share/hadoop/mapreduce/lib/hamcrest-core-1.3.jar:/home/arajend4/hw4/Parallel_system/hw5/p1/hadoop/share/hadoop/mapreduce/lib/jackson-mapper-asl-1.9.13.jar:/home/arajend4/hw4/Parallel_system/hw5/p1/hadoop/share/hadoop/mapreduce/lib/leveldbjni-all-1.8.jar:/home/arajend4/hw4/Parallel_system/hw5/p1/hadoop/share/hadoop/mapreduce/lib/protobuf-java-2.5.0.jar:/home/arajend4/hw4/Parallel_system/hw5/p1/hadoop/share/hadoop/mapreduce/lib/paranamer-2.3.jar:/home/arajend4/hw4/Parallel_system/hw5/p1/hadoop/share/hadoop/mapreduce/lib/jackson-core-asl-1.9.13.jar:/home/arajend4/hw4/Parallel_system/hw5/p1/hadoop/share/hadoop/mapreduce/lib/xz-1.0.jar:/home/arajend4/hw4/Parallel_system/hw5/p1/hadoop/share/hadoop/mapreduce/lib/jersey-server-1.9.jar:/home/arajend4/hw4/Parallel_system/hw5/p1/hadoop/share/hadoop/mapreduce/lib/snappy-java-1.0.4.1.jar:/home/arajend4/hw4/Parallel_system/hw5/p1/hadoop/share/hadoop/mapreduce/lib/aopalliance-1.0.jar:/home/arajend4/hw4/Parallel_system/hw5/p1/hadoop/share/hadoop/mapreduce/lib/javax.inject-1.jar:/home/arajend4/hw4/Parallel_system/hw5/p1/hadoop/share/hadoop/mapreduce/lib/jersey-guice-1.9.jar:/home/arajend4/hw4/Parallel_system/hw5/p1/hadoop/share/hadoop/mapreduce/lib/junit-4.11.jar:/home/arajend4/hw4/Parallel_system/hw5/p1/hadoop/share/hadoop/mapreduce/lib/commons-io-2.4.jar:/home/arajend4/hw4/Parallel_system/hw5/p1/hadoop/share/hadoop/mapreduce/lib/log4j-1.2.17.jar:/home/arajend4/hw4/Parallel_system/hw5/p1/hadoop/share/hadoop/mapreduce/lib/netty-3.6.2.Final.jar:/home/arajend4/hw4/Parallel_system/hw5/p1/hadoop/share/hadoop/mapreduce/lib/guice-servlet-3.0.jar:/home/arajend4/hw4/Parallel_system/hw5/p1/hadoop/share/hadoop/mapreduce/lib/avro-1.7.4.jar:/home/arajend4/hw4/Parallel_system/hw5/p1/hadoop/share/hadoop/mapreduce/lib/asm-3.2.jar:/home/arajend4/hw4/Parallel_system/hw5/p1/hadoop/share/hadoop/mapreduce/lib/hadoop-annotations-2.7.2.jar:/home/arajend4/hw4/Parallel_system/hw5/p1/hadoop/share/hadoop/mapreduce/lib/guice-3.0.jar:/home/arajend4/hw4/Parallel_system/hw5/p1/hadoop/share/hadoop/mapreduce/hadoop-mapreduce-examples-2.7.2.jar:/home/arajend4/hw4/Parallel_system/hw5/p1/hadoop/share/hadoop/mapreduce/hadoop-mapreduce-client-hs-2.7.2.jar:/home/arajend4/hw4/Parallel_system/hw5/p1/hadoop/share/hadoop/mapreduce/hadoop-mapreduce-client-shuffle-2.7.2.jar:/home/arajend4/hw4/Parallel_system/hw5/p1/hadoop/share/hadoop/mapreduce/hadoop-mapreduce-client-jobclient-2.7.2-tests.jar:/home/arajend4/hw4/Parallel_system/hw5/p1/hadoop/share/hadoop/mapreduce/hadoop-mapreduce-client-common-2.7.2.jar:/home/arajend4/hw4/Parallel_system/hw5/p1/hadoop/share/hadoop/mapreduce/hadoop-mapreduce-client-app-2.7.2.jar:/home/arajend4/hw4/Parallel_system/hw5/p1/hadoop/share/hadoop/mapreduce/hadoop-mapreduce-client-core-2.7.2.jar:/home/arajend4/hw4/Parallel_system/hw5/p1/hadoop/share/hadoop/mapreduce/hadoop-mapreduce-client-jobclient-2.7.2.jar:/home/arajend4/hw4/Parallel_system/hw5/p1/hadoop/share/hadoop/mapreduce/hadoop-mapreduce-client-hs-plugins-2.7.2.jar
STARTUP_MSG:   build = https://git-wip-us.apache.org/repos/asf/hadoop.git -r b165c4fe8a74265c792ce23f546c64604acf0e41; compiled by 'jenkins' on 2016-01-26T00:08Z
STARTUP_MSG:   java = 1.8.0_121
************************************************************/
2020-04-06 17:23:37,084 INFO  [main] namenode.NameNode (LogAdapter.java:info(47)) - registered UNIX signal handlers for [TERM, HUP, INT]
2020-04-06 17:23:37,087 INFO  [main] namenode.NameNode (NameNode.java:createNameNode(1417)) - createNameNode []
2020-04-06 17:23:37,556 WARN  [main] impl.MetricsConfig (MetricsConfig.java:loadFirst(125)) - Cannot locate configuration: tried hadoop-metrics2-namenode.properties,hadoop-metrics2.properties
2020-04-06 17:23:37,845 INFO  [main] impl.MetricsSystemImpl (MetricsSystemImpl.java:startTimer(377)) - Scheduled snapshot period at 10 second(s).
2020-04-06 17:23:37,845 INFO  [main] impl.MetricsSystemImpl (MetricsSystemImpl.java:start(192)) - NameNode metrics system started
2020-04-06 17:23:37,850 INFO  [main] namenode.NameNode (NameNode.java:setClientNamenodeAddress(397)) - fs.defaultFS is hdfs://c41:9000
2020-04-06 17:23:37,852 INFO  [main] namenode.NameNode (NameNode.java:setClientNamenodeAddress(417)) - Clients are to use c41:9000 to access this namenode/service.
2020-04-06 17:23:38,215 INFO  [main] hdfs.DFSUtil (DFSUtil.java:httpServerTemplateForNNAndJN(1703)) - Starting Web-server for hdfs at: http://0.0.0.0:50070
2020-04-06 17:23:38,327 INFO  [main] mortbay.log (Slf4jLog.java:info(67)) - Logging to org.slf4j.impl.Log4jLoggerAdapter(org.mortbay.log) via org.mortbay.log.Slf4jLog
2020-04-06 17:23:38,342 INFO  [main] server.AuthenticationFilter (AuthenticationFilter.java:constructSecretProvider(284)) - Unable to initialize FileSignerSecretProvider, falling back to use random secrets.
2020-04-06 17:23:38,374 INFO  [main] http.HttpRequestLog (HttpRequestLog.java:getRequestLog(80)) - Http request log for http.requests.namenode is not defined
2020-04-06 17:23:38,382 INFO  [main] http.HttpServer2 (HttpServer2.java:addGlobalFilter(710)) - Added global filter 'safety' (class=org.apache.hadoop.http.HttpServer2$QuotingInputFilter)
2020-04-06 17:23:38,386 INFO  [main] http.HttpServer2 (HttpServer2.java:addFilter(685)) - Added filter static_user_filter (class=org.apache.hadoop.http.lib.StaticUserWebFilter$StaticUserFilter) to context hdfs
2020-04-06 17:23:38,387 INFO  [main] http.HttpServer2 (HttpServer2.java:addFilter(693)) - Added filter static_user_filter (class=org.apache.hadoop.http.lib.StaticUserWebFilter$StaticUserFilter) to context logs
2020-04-06 17:23:38,387 INFO  [main] http.HttpServer2 (HttpServer2.java:addFilter(693)) - Added filter static_user_filter (class=org.apache.hadoop.http.lib.StaticUserWebFilter$StaticUserFilter) to context static
2020-04-06 17:23:38,508 INFO  [main] http.HttpServer2 (NameNodeHttpServer.java:initWebHdfs(86)) - Added filter 'org.apache.hadoop.hdfs.web.AuthFilter' (class=org.apache.hadoop.hdfs.web.AuthFilter)
2020-04-06 17:23:38,510 INFO  [main] http.HttpServer2 (HttpServer2.java:addJerseyResourcePackage(609)) - addJerseyResourcePackage: packageName=org.apache.hadoop.hdfs.server.namenode.web.resources;org.apache.hadoop.hdfs.web.resources, pathSpec=/webhdfs/v1/*
2020-04-06 17:23:38,563 INFO  [main] http.HttpServer2 (HttpServer2.java:openListeners(915)) - Jetty bound to port 50070
2020-04-06 17:23:38,563 INFO  [main] mortbay.log (Slf4jLog.java:info(67)) - jetty-6.1.26
2020-04-06 17:23:38,651 WARN  [main] mortbay.log (Slf4jLog.java:warn(76)) - Can't reuse /tmp/Jetty_0_0_0_0_50070_hdfs____w2cu08, using /tmp/Jetty_0_0_0_0_50070_hdfs____w2cu08_4504115629509341922
2020-04-06 17:23:39,106 INFO  [main] mortbay.log (Slf4jLog.java:info(67)) - Started HttpServer2$SelectChannelConnectorWithSafeStartup@0.0.0.0:50070
2020-04-06 17:23:39,158 WARN  [main] common.Util (Util.java:stringAsURI(56)) - Path /tmp/arajend4/name should be specified as a URI in configuration files. Please update hdfs configuration.
2020-04-06 17:23:39,159 WARN  [main] common.Util (Util.java:stringAsURI(56)) - Path /tmp/arajend4/name should be specified as a URI in configuration files. Please update hdfs configuration.
2020-04-06 17:23:39,162 WARN  [main] namenode.FSNamesystem (FSNamesystem.java:checkConfiguration(647)) - Only one image storage directory (dfs.namenode.name.dir) configured. Beware of data loss due to lack of redundant storage directories!
2020-04-06 17:23:39,164 WARN  [main] namenode.FSNamesystem (FSNamesystem.java:checkConfiguration(652)) - Only one namespace edits storage directory (dfs.namenode.edits.dir) configured. Beware of data loss due to lack of redundant storage directories!
2020-04-06 17:23:39,181 WARN  [main] common.Util (Util.java:stringAsURI(56)) - Path /tmp/arajend4/name should be specified as a URI in configuration files. Please update hdfs configuration.
2020-04-06 17:23:39,181 WARN  [main] common.Util (Util.java:stringAsURI(56)) - Path /tmp/arajend4/name should be specified as a URI in configuration files. Please update hdfs configuration.
2020-04-06 17:23:39,229 INFO  [main] namenode.FSNamesystem (FSNamesystem.java:<init>(716)) - No KeyProvider found.
2020-04-06 17:23:39,230 INFO  [main] namenode.FSNamesystem (FSNamesystem.java:<init>(726)) - fsLock is fair:true
2020-04-06 17:23:39,336 INFO  [main] blockmanagement.DatanodeManager (DatanodeManager.java:<init>(239)) - dfs.block.invalidate.limit=1000
2020-04-06 17:23:39,337 INFO  [main] blockmanagement.DatanodeManager (DatanodeManager.java:<init>(245)) - dfs.namenode.datanode.registration.ip-hostname-check=true
2020-04-06 17:23:39,339 INFO  [main] blockmanagement.BlockManager (InvalidateBlocks.java:printBlockDeletionTime(71)) - dfs.namenode.startup.delay.block.deletion.sec is set to 000:00:00:00.000
2020-04-06 17:23:39,342 INFO  [main] blockmanagement.BlockManager (InvalidateBlocks.java:printBlockDeletionTime(76)) - The block deletion will start around 2020 Apr 06 17:23:39
2020-04-06 17:23:39,345 INFO  [main] util.GSet (LightWeightGSet.java:computeCapacity(354)) - Computing capacity for map BlocksMap
2020-04-06 17:23:39,345 INFO  [main] util.GSet (LightWeightGSet.java:computeCapacity(355)) - VM type       = 64-bit
2020-04-06 17:23:39,347 INFO  [main] util.GSet (LightWeightGSet.java:computeCapacity(356)) - 2.0% max memory 889 MB = 17.8 MB
2020-04-06 17:23:39,347 INFO  [main] util.GSet (LightWeightGSet.java:computeCapacity(361)) - capacity      = 2^21 = 2097152 entries
2020-04-06 17:23:39,358 INFO  [main] blockmanagement.BlockManager (BlockManager.java:createBlockTokenSecretManager(358)) - dfs.block.access.token.enable=false
2020-04-06 17:23:39,359 INFO  [main] blockmanagement.BlockManager (BlockManager.java:<init>(344)) - defaultReplication         = 1
2020-04-06 17:23:39,359 INFO  [main] blockmanagement.BlockManager (BlockManager.java:<init>(345)) - maxReplication             = 512
2020-04-06 17:23:39,359 INFO  [main] blockmanagement.BlockManager (BlockManager.java:<init>(346)) - minReplication             = 1
2020-04-06 17:23:39,359 INFO  [main] blockmanagement.BlockManager (BlockManager.java:<init>(347)) - maxReplicationStreams      = 2
2020-04-06 17:23:39,359 INFO  [main] blockmanagement.BlockManager (BlockManager.java:<init>(348)) - replicationRecheckInterval = 3000
2020-04-06 17:23:39,359 INFO  [main] blockmanagement.BlockManager (BlockManager.java:<init>(349)) - encryptDataTransfer        = false
2020-04-06 17:23:39,359 INFO  [main] blockmanagement.BlockManager (BlockManager.java:<init>(350)) - maxNumBlocksToLog          = 1000
2020-04-06 17:23:39,369 INFO  [main] namenode.FSNamesystem (FSNamesystem.java:<init>(746)) - fsOwner             = arajend4 (auth:SIMPLE)
2020-04-06 17:23:39,369 INFO  [main] namenode.FSNamesystem (FSNamesystem.java:<init>(747)) - supergroup          = supergroup
2020-04-06 17:23:39,369 INFO  [main] namenode.FSNamesystem (FSNamesystem.java:<init>(748)) - isPermissionEnabled = true
2020-04-06 17:23:39,370 INFO  [main] namenode.FSNamesystem (FSNamesystem.java:<init>(759)) - HA Enabled: false
2020-04-06 17:23:39,372 INFO  [main] namenode.FSNamesystem (FSNamesystem.java:<init>(796)) - Append Enabled: true
2020-04-06 17:23:39,635 INFO  [main] util.GSet (LightWeightGSet.java:computeCapacity(354)) - Computing capacity for map INodeMap
2020-04-06 17:23:39,635 INFO  [main] util.GSet (LightWeightGSet.java:computeCapacity(355)) - VM type       = 64-bit
2020-04-06 17:23:39,636 INFO  [main] util.GSet (LightWeightGSet.java:computeCapacity(356)) - 1.0% max memory 889 MB = 8.9 MB
2020-04-06 17:23:39,636 INFO  [main] util.GSet (LightWeightGSet.java:computeCapacity(361)) - capacity      = 2^20 = 1048576 entries
2020-04-06 17:23:39,637 INFO  [main] namenode.FSDirectory (FSDirectory.java:<init>(235)) - ACLs enabled? false
2020-04-06 17:23:39,637 INFO  [main] namenode.FSDirectory (FSDirectory.java:<init>(239)) - XAttrs enabled? true
2020-04-06 17:23:39,637 INFO  [main] namenode.FSDirectory (FSDirectory.java:<init>(247)) - Maximum size of an xattr: 16384
2020-04-06 17:23:39,638 INFO  [main] namenode.NameNode (FSDirectory.java:<init>(298)) - Caching file names occuring more than 10 times
2020-04-06 17:23:39,648 INFO  [main] util.GSet (LightWeightGSet.java:computeCapacity(354)) - Computing capacity for map cachedBlocks
2020-04-06 17:23:39,649 INFO  [main] util.GSet (LightWeightGSet.java:computeCapacity(355)) - VM type       = 64-bit
2020-04-06 17:23:39,649 INFO  [main] util.GSet (LightWeightGSet.java:computeCapacity(356)) - 0.25% max memory 889 MB = 2.2 MB
2020-04-06 17:23:39,649 INFO  [main] util.GSet (LightWeightGSet.java:computeCapacity(361)) - capacity      = 2^18 = 262144 entries
2020-04-06 17:23:39,651 INFO  [main] namenode.FSNamesystem (FSNamesystem.java:<init>(5166)) - dfs.namenode.safemode.threshold-pct = 0.9990000128746033
2020-04-06 17:23:39,652 INFO  [main] namenode.FSNamesystem (FSNamesystem.java:<init>(5167)) - dfs.namenode.safemode.min.datanodes = 0
2020-04-06 17:23:39,652 INFO  [main] namenode.FSNamesystem (FSNamesystem.java:<init>(5168)) - dfs.namenode.safemode.extension     = 30000
2020-04-06 17:23:39,656 INFO  [main] metrics.TopMetrics (TopMetrics.java:logConf(65)) - NNTop conf: dfs.namenode.top.window.num.buckets = 10
2020-04-06 17:23:39,656 INFO  [main] metrics.TopMetrics (TopMetrics.java:logConf(67)) - NNTop conf: dfs.namenode.top.num.users = 10
2020-04-06 17:23:39,656 INFO  [main] metrics.TopMetrics (TopMetrics.java:logConf(69)) - NNTop conf: dfs.namenode.top.windows.minutes = 1,5,25
2020-04-06 17:23:39,658 INFO  [main] namenode.FSNamesystem (FSNamesystem.java:initRetryCache(905)) - Retry cache on namenode is enabled
2020-04-06 17:23:39,658 INFO  [main] namenode.FSNamesystem (FSNamesystem.java:initRetryCache(913)) - Retry cache will use 0.03 of total heap and retry cache entry expiry time is 600000 millis
2020-04-06 17:23:39,661 INFO  [main] util.GSet (LightWeightGSet.java:computeCapacity(354)) - Computing capacity for map NameNodeRetryCache
2020-04-06 17:23:39,661 INFO  [main] util.GSet (LightWeightGSet.java:computeCapacity(355)) - VM type       = 64-bit
2020-04-06 17:23:39,661 INFO  [main] util.GSet (LightWeightGSet.java:computeCapacity(356)) - 0.029999999329447746% max memory 889 MB = 273.1 KB
2020-04-06 17:23:39,662 INFO  [main] util.GSet (LightWeightGSet.java:computeCapacity(361)) - capacity      = 2^15 = 32768 entries
2020-04-06 17:23:39,719 INFO  [main] common.Storage (Storage.java:tryLock(715)) - Lock on /tmp/arajend4/name/in_use.lock acquired by nodename 27134@c41.localdomain
2020-04-06 17:23:39,803 INFO  [main] namenode.FileJournalManager (FileJournalManager.java:recoverUnfinalizedSegments(362)) - Recovering unfinalized segments in /tmp/arajend4/name/current
2020-04-06 17:23:39,804 INFO  [main] namenode.FSImage (FSImage.java:loadFSImage(669)) - No edit log streams selected.
2020-04-06 17:23:39,856 INFO  [main] namenode.FSImageFormatPBINode (FSImageFormatPBINode.java:loadINodeSection(255)) - Loading 1 INodes.
2020-04-06 17:23:39,899 INFO  [main] namenode.FSImageFormatProtobuf (FSImageFormatProtobuf.java:load(181)) - Loaded FSImage in 0 seconds.
2020-04-06 17:23:39,900 INFO  [main] namenode.FSImage (FSImage.java:loadFSImage(970)) - Loaded image for txid 0 from /tmp/arajend4/name/current/fsimage_0000000000000000000
2020-04-06 17:23:39,913 INFO  [main] namenode.FSNamesystem (FSNamesystem.java:loadFSImage(982)) - Need to save fs image? false (staleImage=false, haEnabled=false, isRollingUpgrade=false)
2020-04-06 17:23:39,913 INFO  [main] namenode.FSEditLog (FSEditLog.java:startLogSegment(1218)) - Starting log segment at 1
2020-04-06 17:23:40,212 INFO  [main] namenode.NameCache (NameCache.java:initialized(143)) - initialized with 0 entries 0 lookups
2020-04-06 17:23:40,213 INFO  [main] namenode.FSNamesystem (FSNamesystem.java:loadFromDisk(688)) - Finished loading FSImage in 547 msecs
2020-04-06 17:23:40,740 INFO  [main] namenode.NameNode (NameNodeRpcServer.java:<init>(342)) - RPC server is binding to c41:9000
2020-04-06 17:23:40,750 INFO  [main] ipc.CallQueueManager (CallQueueManager.java:<init>(53)) - Using callQueue class java.util.concurrent.LinkedBlockingQueue
2020-04-06 17:23:40,767 INFO  [Socket Reader #1 for port 9000] ipc.Server (Server.java:run(606)) - Starting Socket Reader #1 for port 9000
2020-04-06 17:23:40,853 INFO  [main] namenode.FSNamesystem (FSNamesystem.java:registerMBean(6031)) - Registered FSNamesystemState MBean
2020-04-06 17:23:40,855 WARN  [main] common.Util (Util.java:stringAsURI(56)) - Path /tmp/arajend4/name should be specified as a URI in configuration files. Please update hdfs configuration.
2020-04-06 17:23:40,898 INFO  [main] namenode.LeaseManager (LeaseManager.java:getNumUnderConstructionBlocks(136)) - Number of blocks under construction: 0
2020-04-06 17:23:40,899 INFO  [main] namenode.LeaseManager (LeaseManager.java:getNumUnderConstructionBlocks(136)) - Number of blocks under construction: 0
2020-04-06 17:23:40,900 INFO  [main] namenode.FSNamesystem (FSNamesystem.java:initializeReplQueues(1182)) - initializing replication queues
2020-04-06 17:23:40,901 INFO  [main] hdfs.StateChange (FSNamesystem.java:leave(5241)) - STATE* Leaving safe mode after 1 secs
2020-04-06 17:23:40,901 INFO  [main] hdfs.StateChange (FSNamesystem.java:leave(5253)) - STATE* Network topology has 0 racks and 0 datanodes
2020-04-06 17:23:40,902 INFO  [main] hdfs.StateChange (FSNamesystem.java:leave(5256)) - STATE* UnderReplicatedBlocks has 0 blocks
2020-04-06 17:23:40,914 INFO  [main] blockmanagement.DatanodeDescriptor (DatanodeDescriptor.java:updateHeartbeatState(451)) - Number of failed storage changes from 0 to 0
2020-04-06 17:23:40,933 INFO  [Replication Queue Initializer] blockmanagement.BlockManager (BlockManager.java:processMisReplicatesAsync(2763)) - Total number of blocks            = 0
2020-04-06 17:23:40,933 INFO  [Replication Queue Initializer] blockmanagement.BlockManager (BlockManager.java:processMisReplicatesAsync(2764)) - Number of invalid blocks          = 0
2020-04-06 17:23:40,933 INFO  [Replication Queue Initializer] blockmanagement.BlockManager (BlockManager.java:processMisReplicatesAsync(2765)) - Number of under-replicated blocks = 0
2020-04-06 17:23:40,933 INFO  [Replication Queue Initializer] blockmanagement.BlockManager (BlockManager.java:processMisReplicatesAsync(2766)) - Number of  over-replicated blocks = 0
2020-04-06 17:23:40,934 INFO  [Replication Queue Initializer] blockmanagement.BlockManager (BlockManager.java:processMisReplicatesAsync(2768)) - Number of blocks being written    = 0
2020-04-06 17:23:40,934 INFO  [Replication Queue Initializer] hdfs.StateChange (BlockManager.java:processMisReplicatesAsync(2769)) - STATE* Replication Queue initialization scan for invalid, over- and under-replicated blocks completed in 33 msec
2020-04-06 17:23:40,971 INFO  [IPC Server listener on 9000] ipc.Server (Server.java:run(676)) - IPC Server listener on 9000: starting
2020-04-06 17:23:40,971 INFO  [IPC Server Responder] ipc.Server (Server.java:run(836)) - IPC Server Responder: starting
2020-04-06 17:23:40,977 INFO  [main] namenode.NameNode (NameNode.java:startCommonServices(695)) - NameNode RPC up at: c41/10.4.1.42:9000
2020-04-06 17:23:40,977 INFO  [main] namenode.FSNamesystem (FSNamesystem.java:startActiveServices(1103)) - Starting services required for active state
2020-04-06 17:23:40,983 INFO  [CacheReplicationMonitor(269697323)] blockmanagement.CacheReplicationMonitor (CacheReplicationMonitor.java:run(160)) - Starting CacheReplicationMonitor with interval 30000 milliseconds
2020-04-06 17:23:45,405 INFO  [IPC Server handler 0 on 9000] hdfs.StateChange (DatanodeManager.java:registerDatanode(879)) - BLOCK* registerDatanode: from DatanodeRegistration(10.4.1.42:50010, datanodeUuid=3250a508-f872-405b-9ea7-9c01ca172f97, infoPort=50075, infoSecurePort=0, ipcPort=50020, storageInfo=lv=-56;cid=CID-6ecaa22d-7758-496d-a9a8-08cf65d02eef;nsid=1468344259;c=0) storage 3250a508-f872-405b-9ea7-9c01ca172f97
2020-04-06 17:23:45,406 INFO  [IPC Server handler 0 on 9000] blockmanagement.DatanodeDescriptor (DatanodeDescriptor.java:updateHeartbeatState(451)) - Number of failed storage changes from 0 to 0
2020-04-06 17:23:45,407 INFO  [IPC Server handler 0 on 9000] net.NetworkTopology (NetworkTopology.java:add(419)) - Adding a new node: /default-rack/10.4.1.42:50010
2020-04-06 17:23:45,538 INFO  [IPC Server handler 4 on 9000] blockmanagement.DatanodeDescriptor (DatanodeDescriptor.java:updateHeartbeatState(451)) - Number of failed storage changes from 0 to 0
2020-04-06 17:23:45,538 INFO  [IPC Server handler 4 on 9000] blockmanagement.DatanodeDescriptor (DatanodeDescriptor.java:updateStorage(867)) - Adding new storage ID DS-7f630713-00fa-424b-b0ef-622b1245763a for DN 10.4.1.42:50010
2020-04-06 17:23:45,613 INFO  [IPC Server handler 1 on 9000] BlockStateChange (BlockManager.java:processReport(1859)) - BLOCK* processReport: from storage DS-7f630713-00fa-424b-b0ef-622b1245763a node DatanodeRegistration(10.4.1.42:50010, datanodeUuid=3250a508-f872-405b-9ea7-9c01ca172f97, infoPort=50075, infoSecurePort=0, ipcPort=50020, storageInfo=lv=-56;cid=CID-6ecaa22d-7758-496d-a9a8-08cf65d02eef;nsid=1468344259;c=0), blocks: 0, hasStaleStorage: false, processing time: 2 msecs
2020-04-06 17:23:49,614 INFO  [IPC Server handler 1 on 9000] hdfs.StateChange (DatanodeManager.java:registerDatanode(879)) - BLOCK* registerDatanode: from DatanodeRegistration(10.4.1.45:50010, datanodeUuid=30ca18b9-4954-473f-8193-d3d401745788, infoPort=50075, infoSecurePort=0, ipcPort=50020, storageInfo=lv=-56;cid=CID-6ecaa22d-7758-496d-a9a8-08cf65d02eef;nsid=1468344259;c=0) storage 30ca18b9-4954-473f-8193-d3d401745788
2020-04-06 17:23:49,615 INFO  [IPC Server handler 1 on 9000] blockmanagement.DatanodeDescriptor (DatanodeDescriptor.java:updateHeartbeatState(451)) - Number of failed storage changes from 0 to 0
2020-04-06 17:23:49,616 INFO  [IPC Server handler 1 on 9000] net.NetworkTopology (NetworkTopology.java:add(419)) - Adding a new node: /default-rack/10.4.1.45:50010
2020-04-06 17:23:49,725 INFO  [IPC Server handler 3 on 9000] blockmanagement.DatanodeDescriptor (DatanodeDescriptor.java:updateHeartbeatState(451)) - Number of failed storage changes from 0 to 0
2020-04-06 17:23:49,726 INFO  [IPC Server handler 3 on 9000] blockmanagement.DatanodeDescriptor (DatanodeDescriptor.java:updateStorage(867)) - Adding new storage ID DS-a2267be5-6085-4d25-b665-a8f4dbbc1ef9 for DN 10.4.1.45:50010
2020-04-06 17:23:49,770 INFO  [IPC Server handler 5 on 9000] BlockStateChange (BlockManager.java:processReport(1859)) - BLOCK* processReport: from storage DS-a2267be5-6085-4d25-b665-a8f4dbbc1ef9 node DatanodeRegistration(10.4.1.45:50010, datanodeUuid=30ca18b9-4954-473f-8193-d3d401745788, infoPort=50075, infoSecurePort=0, ipcPort=50020, storageInfo=lv=-56;cid=CID-6ecaa22d-7758-496d-a9a8-08cf65d02eef;nsid=1468344259;c=0), blocks: 0, hasStaleStorage: false, processing time: 0 msecs
2020-04-06 17:23:50,636 INFO  [IPC Server handler 3 on 9000] hdfs.StateChange (DatanodeManager.java:registerDatanode(879)) - BLOCK* registerDatanode: from DatanodeRegistration(10.4.1.43:50010, datanodeUuid=b76a4c40-d6a5-4d78-b243-616e4f46bd2d, infoPort=50075, infoSecurePort=0, ipcPort=50020, storageInfo=lv=-56;cid=CID-6ecaa22d-7758-496d-a9a8-08cf65d02eef;nsid=1468344259;c=0) storage b76a4c40-d6a5-4d78-b243-616e4f46bd2d
2020-04-06 17:23:50,636 INFO  [IPC Server handler 3 on 9000] blockmanagement.DatanodeDescriptor (DatanodeDescriptor.java:updateHeartbeatState(451)) - Number of failed storage changes from 0 to 0
2020-04-06 17:23:50,638 INFO  [IPC Server handler 3 on 9000] net.NetworkTopology (NetworkTopology.java:add(419)) - Adding a new node: /default-rack/10.4.1.43:50010
2020-04-06 17:23:50,731 INFO  [IPC Server handler 2 on 9000] blockmanagement.DatanodeDescriptor (DatanodeDescriptor.java:updateHeartbeatState(451)) - Number of failed storage changes from 0 to 0
2020-04-06 17:23:50,732 INFO  [IPC Server handler 2 on 9000] blockmanagement.DatanodeDescriptor (DatanodeDescriptor.java:updateStorage(867)) - Adding new storage ID DS-c660e4d5-2273-4084-85b5-fa9779e9c04c for DN 10.4.1.43:50010
2020-04-06 17:23:50,770 INFO  [IPC Server handler 5 on 9000] BlockStateChange (BlockManager.java:processReport(1859)) - BLOCK* processReport: from storage DS-c660e4d5-2273-4084-85b5-fa9779e9c04c node DatanodeRegistration(10.4.1.43:50010, datanodeUuid=b76a4c40-d6a5-4d78-b243-616e4f46bd2d, infoPort=50075, infoSecurePort=0, ipcPort=50020, storageInfo=lv=-56;cid=CID-6ecaa22d-7758-496d-a9a8-08cf65d02eef;nsid=1468344259;c=0), blocks: 0, hasStaleStorage: false, processing time: 1 msecs
2020-04-06 17:23:51,609 INFO  [IPC Server handler 1 on 9000] hdfs.StateChange (DatanodeManager.java:registerDatanode(879)) - BLOCK* registerDatanode: from DatanodeRegistration(10.4.1.44:50010, datanodeUuid=2832bad9-8bcb-4ad2-ad40-4c3bfd353f75, infoPort=50075, infoSecurePort=0, ipcPort=50020, storageInfo=lv=-56;cid=CID-6ecaa22d-7758-496d-a9a8-08cf65d02eef;nsid=1468344259;c=0) storage 2832bad9-8bcb-4ad2-ad40-4c3bfd353f75
2020-04-06 17:23:51,610 INFO  [IPC Server handler 1 on 9000] blockmanagement.DatanodeDescriptor (DatanodeDescriptor.java:updateHeartbeatState(451)) - Number of failed storage changes from 0 to 0
2020-04-06 17:23:51,611 INFO  [IPC Server handler 1 on 9000] net.NetworkTopology (NetworkTopology.java:add(419)) - Adding a new node: /default-rack/10.4.1.44:50010
2020-04-06 17:23:51,800 INFO  [IPC Server handler 8 on 9000] blockmanagement.DatanodeDescriptor (DatanodeDescriptor.java:updateHeartbeatState(451)) - Number of failed storage changes from 0 to 0
2020-04-06 17:23:51,801 INFO  [IPC Server handler 8 on 9000] blockmanagement.DatanodeDescriptor (DatanodeDescriptor.java:updateStorage(867)) - Adding new storage ID DS-3367806d-1e89-4769-862d-f61aaf00f82a for DN 10.4.1.44:50010
2020-04-06 17:23:51,845 INFO  [IPC Server handler 7 on 9000] BlockStateChange (BlockManager.java:processReport(1859)) - BLOCK* processReport: from storage DS-3367806d-1e89-4769-862d-f61aaf00f82a node DatanodeRegistration(10.4.1.44:50010, datanodeUuid=2832bad9-8bcb-4ad2-ad40-4c3bfd353f75, infoPort=50075, infoSecurePort=0, ipcPort=50020, storageInfo=lv=-56;cid=CID-6ecaa22d-7758-496d-a9a8-08cf65d02eef;nsid=1468344259;c=0), blocks: 0, hasStaleStorage: false, processing time: 0 msecs
2020-04-06 17:23:56,981 INFO  [IPC Server handler 9 on 9000] FSNamesystem.audit (FSNamesystem.java:logAuditMessage(8249)) - allowed=true	ugi=arajend4 (auth:SIMPLE)	ip=/10.4.1.42	cmd=getfileinfo	src=/user	dst=null	perm=null	proto=rpc
2020-04-06 17:23:57,029 INFO  [IPC Server handler 0 on 9000] FSNamesystem.audit (FSNamesystem.java:logAuditMessage(8249)) - allowed=true	ugi=arajend4 (auth:SIMPLE)	ip=/10.4.1.42	cmd=getfileinfo	src=/	dst=null	perm=null	proto=rpc
2020-04-06 17:23:57,138 INFO  [IPC Server handler 4 on 9000] FSNamesystem.audit (FSNamesystem.java:logAuditMessage(8249)) - allowed=true	ugi=arajend4 (auth:SIMPLE)	ip=/10.4.1.42	cmd=mkdirs	src=/user	dst=null	perm=arajend4:supergroup:rwxr-xr-x	proto=rpc
2020-04-06 17:23:59,849 INFO  [IPC Server handler 7 on 9000] FSNamesystem.audit (FSNamesystem.java:logAuditMessage(8249)) - allowed=true	ugi=arajend4 (auth:SIMPLE)	ip=/10.4.1.42	cmd=getfileinfo	src=/user/arajend4	dst=null	perm=null	proto=rpc
2020-04-06 17:23:59,898 INFO  [IPC Server handler 6 on 9000] FSNamesystem.audit (FSNamesystem.java:logAuditMessage(8249)) - allowed=true	ugi=arajend4 (auth:SIMPLE)	ip=/10.4.1.42	cmd=getfileinfo	src=/user	dst=null	perm=null	proto=rpc
2020-04-06 17:23:59,953 INFO  [IPC Server handler 9 on 9000] FSNamesystem.audit (FSNamesystem.java:logAuditMessage(8249)) - allowed=true	ugi=arajend4 (auth:SIMPLE)	ip=/10.4.1.42	cmd=mkdirs	src=/user/arajend4	dst=null	perm=arajend4:supergroup:rwxr-xr-x	proto=rpc
2020-04-06 17:24:10,662 INFO  [IPC Server handler 8 on 9000] FSNamesystem.audit (FSNamesystem.java:logAuditMessage(8249)) - allowed=true	ugi=arajend4 (auth:SIMPLE)	ip=/10.4.1.42	cmd=getfileinfo	src=/user/arajend4/input	dst=null	perm=null	proto=rpc
2020-04-06 17:24:10,711 INFO  [IPC Server handler 7 on 9000] FSNamesystem.audit (FSNamesystem.java:logAuditMessage(8249)) - allowed=true	ugi=arajend4 (auth:SIMPLE)	ip=/10.4.1.42	cmd=getfileinfo	src=/user/arajend4	dst=null	perm=null	proto=rpc
2020-04-06 17:24:25,687 INFO  [IPC Server handler 7 on 9000] FSNamesystem.audit (FSNamesystem.java:logAuditMessage(8249)) - allowed=true	ugi=arajend4 (auth:SIMPLE)	ip=/10.4.1.42	cmd=getfileinfo	src=/user/arajend4/input	dst=null	perm=null	proto=rpc
2020-04-06 17:24:25,740 INFO  [IPC Server handler 6 on 9000] FSNamesystem.audit (FSNamesystem.java:logAuditMessage(8249)) - allowed=true	ugi=arajend4 (auth:SIMPLE)	ip=/10.4.1.42	cmd=getfileinfo	src=/user/arajend4	dst=null	perm=null	proto=rpc
2020-04-06 17:24:25,795 INFO  [IPC Server handler 9 on 9000] FSNamesystem.audit (FSNamesystem.java:logAuditMessage(8249)) - allowed=true	ugi=arajend4 (auth:SIMPLE)	ip=/10.4.1.42	cmd=mkdirs	src=/user/arajend4/input	dst=null	perm=arajend4:supergroup:rwxr-xr-x	proto=rpc
2020-04-06 17:24:25,803 INFO  [IPC Server handler 0 on 9000] FSNamesystem.audit (FSNamesystem.java:logAuditMessage(8249)) - allowed=true	ugi=arajend4 (auth:SIMPLE)	ip=/10.4.1.42	cmd=getfileinfo	src=/user/arajend4/input	dst=null	perm=null	proto=rpc
2020-04-06 17:24:25,811 INFO  [IPC Server handler 4 on 9000] FSNamesystem.audit (FSNamesystem.java:logAuditMessage(8249)) - allowed=true	ugi=arajend4 (auth:SIMPLE)	ip=/10.4.1.42	cmd=getfileinfo	src=/user/arajend4/input/doc1	dst=null	perm=null	proto=rpc
2020-04-06 17:24:25,822 INFO  [IPC Server handler 1 on 9000] FSNamesystem.audit (FSNamesystem.java:logAuditMessage(8249)) - allowed=true	ugi=arajend4 (auth:SIMPLE)	ip=/10.4.1.42	cmd=getfileinfo	src=/user/arajend4/input/doc1._COPYING_	dst=null	perm=null	proto=rpc
2020-04-06 17:24:25,928 INFO  [IPC Server handler 3 on 9000] FSNamesystem.audit (FSNamesystem.java:logAuditMessage(8249)) - allowed=true	ugi=arajend4 (auth:SIMPLE)	ip=/10.4.1.42	cmd=create	src=/user/arajend4/input/doc1._COPYING_	dst=null	perm=arajend4:supergroup:rw-r--r--	proto=rpc
2020-04-06 17:24:25,955 INFO  [IPC Server handler 2 on 9000] FSNamesystem.audit (FSNamesystem.java:logAuditMessage(8249)) - allowed=true	ugi=arajend4 (auth:SIMPLE)	ip=/10.4.1.42	cmd=getfileinfo	src=/user/arajend4/input/doc1._COPYING_	dst=null	perm=null	proto=rpc
2020-04-06 17:24:26,000 INFO  [IPC Server handler 5 on 9000] hdfs.StateChange (FSNamesystem.java:saveAllocatedBlock(3572)) - BLOCK* allocate blk_1073741825_1001{UCState=UNDER_CONSTRUCTION, truncateBlock=null, primaryNodeIndex=-1, replicas=[ReplicaUC[[DISK]DS-7f630713-00fa-424b-b0ef-622b1245763a:NORMAL:10.4.1.42:50010|RBW]]} for /user/arajend4/input/doc1._COPYING_
2020-04-06 17:24:26,392 INFO  [IPC Server handler 7 on 9000] namenode.FSNamesystem (FSNamesystem.java:isCompleteBlock(3616)) - BLOCK* blk_1073741825_1001{UCState=COMMITTED, truncateBlock=null, primaryNodeIndex=-1, replicas=[ReplicaUC[[DISK]DS-7f630713-00fa-424b-b0ef-622b1245763a:NORMAL:10.4.1.42:50010|RBW]]} is not COMPLETE (ucState = COMMITTED, replication# = 0 <  minimum = 1) in file /user/arajend4/input/doc1._COPYING_
2020-04-06 17:24:26,392 INFO  [IPC Server handler 7 on 9000] namenode.EditLogFileOutputStream (EditLogFileOutputStream.java:flushAndSync(200)) - Nothing to flush
2020-04-06 17:24:26,421 INFO  [IPC Server handler 6 on 9000] BlockStateChange (BlockManager.java:logAddStoredBlock(2621)) - BLOCK* addStoredBlock: blockMap updated: 10.4.1.42:50010 is added to blk_1073741825_1001{UCState=COMMITTED, truncateBlock=null, primaryNodeIndex=-1, replicas=[ReplicaUC[[DISK]DS-7f630713-00fa-424b-b0ef-622b1245763a:NORMAL:10.4.1.42:50010|RBW]]} size 34
2020-04-06 17:24:26,828 INFO  [IPC Server handler 4 on 9000] hdfs.StateChange (FSNamesystem.java:completeFile(3492)) - DIR* completeFile: /user/arajend4/input/doc1._COPYING_ is closed by DFSClient_NONMAPREDUCE_-115271541_1
2020-04-06 17:24:26,861 INFO  [IPC Server handler 3 on 9000] FSNamesystem.audit (FSNamesystem.java:logAuditMessage(8249)) - allowed=true	ugi=arajend4 (auth:SIMPLE)	ip=/10.4.1.42	cmd=rename	src=/user/arajend4/input/doc1._COPYING_	dst=/user/arajend4/input/doc1	perm=arajend4:supergroup:rw-r--r--	proto=rpc
2020-04-06 17:24:26,878 INFO  [IPC Server handler 2 on 9000] FSNamesystem.audit (FSNamesystem.java:logAuditMessage(8249)) - allowed=true	ugi=arajend4 (auth:SIMPLE)	ip=/10.4.1.42	cmd=getfileinfo	src=/user/arajend4/input/doc2	dst=null	perm=null	proto=rpc
2020-04-06 17:24:26,884 INFO  [IPC Server handler 5 on 9000] FSNamesystem.audit (FSNamesystem.java:logAuditMessage(8249)) - allowed=true	ugi=arajend4 (auth:SIMPLE)	ip=/10.4.1.42	cmd=getfileinfo	src=/user/arajend4/input/doc2._COPYING_	dst=null	perm=null	proto=rpc
2020-04-06 17:24:26,894 INFO  [IPC Server handler 8 on 9000] FSNamesystem.audit (FSNamesystem.java:logAuditMessage(8249)) - allowed=true	ugi=arajend4 (auth:SIMPLE)	ip=/10.4.1.42	cmd=create	src=/user/arajend4/input/doc2._COPYING_	dst=null	perm=arajend4:supergroup:rw-r--r--	proto=rpc
2020-04-06 17:24:26,901 INFO  [IPC Server handler 7 on 9000] FSNamesystem.audit (FSNamesystem.java:logAuditMessage(8249)) - allowed=true	ugi=arajend4 (auth:SIMPLE)	ip=/10.4.1.42	cmd=getfileinfo	src=/user/arajend4/input/doc2._COPYING_	dst=null	perm=null	proto=rpc
2020-04-06 17:24:26,909 INFO  [IPC Server handler 6 on 9000] hdfs.StateChange (FSNamesystem.java:saveAllocatedBlock(3572)) - BLOCK* allocate blk_1073741826_1002{UCState=UNDER_CONSTRUCTION, truncateBlock=null, primaryNodeIndex=-1, replicas=[ReplicaUC[[DISK]DS-7f630713-00fa-424b-b0ef-622b1245763a:NORMAL:10.4.1.42:50010|RBW]]} for /user/arajend4/input/doc2._COPYING_
2020-04-06 17:24:26,940 INFO  [IPC Server handler 9 on 9000] BlockStateChange (BlockManager.java:logAddStoredBlock(2621)) - BLOCK* addStoredBlock: blockMap updated: 10.4.1.42:50010 is added to blk_1073741826_1002{UCState=UNDER_CONSTRUCTION, truncateBlock=null, primaryNodeIndex=-1, replicas=[ReplicaUC[[DISK]DS-7f630713-00fa-424b-b0ef-622b1245763a:NORMAL:10.4.1.42:50010|RBW]]} size 0
2020-04-06 17:24:26,953 INFO  [IPC Server handler 0 on 9000] hdfs.StateChange (FSNamesystem.java:completeFile(3492)) - DIR* completeFile: /user/arajend4/input/doc2._COPYING_ is closed by DFSClient_NONMAPREDUCE_-115271541_1
2020-04-06 17:24:26,961 INFO  [IPC Server handler 1 on 9000] FSNamesystem.audit (FSNamesystem.java:logAuditMessage(8249)) - allowed=true	ugi=arajend4 (auth:SIMPLE)	ip=/10.4.1.42	cmd=rename	src=/user/arajend4/input/doc2._COPYING_	dst=/user/arajend4/input/doc2	perm=arajend4:supergroup:rw-r--r--	proto=rpc
2020-04-06 17:24:26,966 INFO  [IPC Server handler 4 on 9000] FSNamesystem.audit (FSNamesystem.java:logAuditMessage(8249)) - allowed=true	ugi=arajend4 (auth:SIMPLE)	ip=/10.4.1.42	cmd=getfileinfo	src=/user/arajend4/input/doc3	dst=null	perm=null	proto=rpc
2020-04-06 17:24:26,972 INFO  [IPC Server handler 3 on 9000] FSNamesystem.audit (FSNamesystem.java:logAuditMessage(8249)) - allowed=true	ugi=arajend4 (auth:SIMPLE)	ip=/10.4.1.42	cmd=getfileinfo	src=/user/arajend4/input/doc3._COPYING_	dst=null	perm=null	proto=rpc
2020-04-06 17:24:26,986 INFO  [IPC Server handler 2 on 9000] FSNamesystem.audit (FSNamesystem.java:logAuditMessage(8249)) - allowed=true	ugi=arajend4 (auth:SIMPLE)	ip=/10.4.1.42	cmd=create	src=/user/arajend4/input/doc3._COPYING_	dst=null	perm=arajend4:supergroup:rw-r--r--	proto=rpc
2020-04-06 17:24:26,991 INFO  [IPC Server handler 5 on 9000] FSNamesystem.audit (FSNamesystem.java:logAuditMessage(8249)) - allowed=true	ugi=arajend4 (auth:SIMPLE)	ip=/10.4.1.42	cmd=getfileinfo	src=/user/arajend4/input/doc3._COPYING_	dst=null	perm=null	proto=rpc
2020-04-06 17:24:26,997 INFO  [IPC Server handler 8 on 9000] hdfs.StateChange (FSNamesystem.java:saveAllocatedBlock(3572)) - BLOCK* allocate blk_1073741827_1003{UCState=UNDER_CONSTRUCTION, truncateBlock=null, primaryNodeIndex=-1, replicas=[ReplicaUC[[DISK]DS-7f630713-00fa-424b-b0ef-622b1245763a:NORMAL:10.4.1.42:50010|RBW]]} for /user/arajend4/input/doc3._COPYING_
2020-04-06 17:24:27,021 INFO  [IPC Server handler 7 on 9000] BlockStateChange (BlockManager.java:logAddStoredBlock(2621)) - BLOCK* addStoredBlock: blockMap updated: 10.4.1.42:50010 is added to blk_1073741827_1003{UCState=UNDER_CONSTRUCTION, truncateBlock=null, primaryNodeIndex=-1, replicas=[ReplicaUC[[DISK]DS-7f630713-00fa-424b-b0ef-622b1245763a:NORMAL:10.4.1.42:50010|RBW]]} size 0
2020-04-06 17:24:27,028 INFO  [IPC Server handler 6 on 9000] hdfs.StateChange (FSNamesystem.java:completeFile(3492)) - DIR* completeFile: /user/arajend4/input/doc3._COPYING_ is closed by DFSClient_NONMAPREDUCE_-115271541_1
2020-04-06 17:24:27,036 INFO  [IPC Server handler 9 on 9000] FSNamesystem.audit (FSNamesystem.java:logAuditMessage(8249)) - allowed=true	ugi=arajend4 (auth:SIMPLE)	ip=/10.4.1.42	cmd=rename	src=/user/arajend4/input/doc3._COPYING_	dst=/user/arajend4/input/doc3	perm=arajend4:supergroup:rw-r--r--	proto=rpc
2020-04-06 17:24:49,326 INFO  [IPC Server handler 0 on 9000] FSNamesystem.audit (FSNamesystem.java:logAuditMessage(8249)) - allowed=true	ugi=arajend4 (auth:SIMPLE)	ip=/10.4.1.42	cmd=getfileinfo	src=/user/arajend4/input	dst=null	perm=null	proto=rpc
2020-04-06 17:24:49,418 INFO  [IPC Server handler 1 on 9000] FSNamesystem.audit (FSNamesystem.java:logAuditMessage(8249)) - allowed=true	ugi=arajend4 (auth:SIMPLE)	ip=/10.4.1.42	cmd=listStatus	src=/user/arajend4/input	dst=null	perm=null	proto=rpc
2020-04-06 17:24:49,508 INFO  [IPC Server handler 4 on 9000] FSNamesystem.audit (FSNamesystem.java:logAuditMessage(8249)) - allowed=true	ugi=arajend4 (auth:SIMPLE)	ip=/10.4.1.42	cmd=getfileinfo	src=/user/arajend4/input	dst=null	perm=null	proto=rpc
2020-04-06 17:24:49,514 INFO  [IPC Server handler 3 on 9000] FSNamesystem.audit (FSNamesystem.java:logAuditMessage(8249)) - allowed=true	ugi=arajend4 (auth:SIMPLE)	ip=/10.4.1.42	cmd=listStatus	src=/user/arajend4/input	dst=null	perm=null	proto=rpc
2020-04-06 17:24:50,330 INFO  [IPC Server handler 0 on 9000] FSNamesystem.audit (FSNamesystem.java:logAuditMessage(8249)) - allowed=true	ugi=arajend4 (auth:SIMPLE)	ip=/10.4.1.42	cmd=open	src=/user/arajend4/input/doc1	dst=null	perm=null	proto=rpc
2020-04-06 17:24:50,331 INFO  [IPC Server handler 1 on 9000] FSNamesystem.audit (FSNamesystem.java:logAuditMessage(8249)) - allowed=true	ugi=arajend4 (auth:SIMPLE)	ip=/10.4.1.42	cmd=open	src=/user/arajend4/input/doc3	dst=null	perm=null	proto=rpc
2020-04-06 17:24:50,521 INFO  [IPC Server handler 2 on 9000] FSNamesystem.audit (FSNamesystem.java:logAuditMessage(8249)) - allowed=true	ugi=arajend4 (auth:SIMPLE)	ip=/10.4.1.42	cmd=open	src=/user/arajend4/input/doc2	dst=null	perm=null	proto=rpc
2020-04-06 17:24:50,656 INFO  [IPC Server handler 8 on 9000] namenode.FSNamesystem (FSNamesystem.java:rollEditLog(5830)) - Roll Edit Log from 10.4.1.42
2020-04-06 17:24:50,656 INFO  [IPC Server handler 8 on 9000] namenode.FSEditLog (FSEditLog.java:rollEditLog(1202)) - Rolling edit logs
2020-04-06 17:24:50,656 INFO  [IPC Server handler 8 on 9000] namenode.FSEditLog (FSEditLog.java:endCurrentLogSegment(1259)) - Ending log segment 1
2020-04-06 17:24:50,657 INFO  [IPC Server handler 8 on 9000] namenode.FSEditLog (FSEditLog.java:printStatistics(699)) - Number of transactions: 23 Total time for transactions(ms): 28 Number of transactions batched in Syncs: 0 Number of syncs: 18 SyncTimes(ms): 201 
2020-04-06 17:24:50,669 INFO  [IPC Server handler 8 on 9000] namenode.FSEditLog (FSEditLog.java:printStatistics(699)) - Number of transactions: 23 Total time for transactions(ms): 28 Number of transactions batched in Syncs: 0 Number of syncs: 19 SyncTimes(ms): 213 
2020-04-06 17:24:50,672 INFO  [IPC Server handler 8 on 9000] namenode.FileJournalManager (FileJournalManager.java:finalizeLogSegment(133)) - Finalizing edits file /tmp/arajend4/name/current/edits_inprogress_0000000000000000001 -> /tmp/arajend4/name/current/edits_0000000000000000001-0000000000000000023
2020-04-06 17:24:50,679 INFO  [IPC Server handler 8 on 9000] namenode.FSEditLog (FSEditLog.java:startLogSegment(1218)) - Starting log segment at 24
2020-04-06 17:24:50,774 INFO  [IPC Server handler 6 on 9000] FSNamesystem.audit (FSNamesystem.java:logAuditMessage(8249)) - allowed=true	ugi=arajend4 (auth:SIMPLE)	ip=/10.4.1.42	cmd=open	src=/user/arajend4/input/doc1	dst=null	perm=null	proto=rpc
2020-04-06 17:24:50,774 INFO  [IPC Server handler 9 on 9000] FSNamesystem.audit (FSNamesystem.java:logAuditMessage(8249)) - allowed=true	ugi=arajend4 (auth:SIMPLE)	ip=/10.4.1.42	cmd=open	src=/user/arajend4/input/doc3	dst=null	perm=null	proto=rpc
2020-04-06 17:24:50,818 INFO  [IPC Server handler 0 on 9000] FSNamesystem.audit (FSNamesystem.java:logAuditMessage(8249)) - allowed=true	ugi=arajend4 (auth:SIMPLE)	ip=/10.4.1.42	cmd=open	src=/user/arajend4/input/doc2	dst=null	perm=null	proto=rpc
2020-04-06 17:24:51,003 INFO  [IPC Server handler 4 on 9000] FSNamesystem.audit (FSNamesystem.java:logAuditMessage(8249)) - allowed=true	ugi=arajend4 (auth:SIMPLE)	ip=/10.4.1.42	cmd=open	src=/user/arajend4/input/doc1	dst=null	perm=null	proto=rpc
2020-04-06 17:24:51,006 INFO  [IPC Server handler 3 on 9000] FSNamesystem.audit (FSNamesystem.java:logAuditMessage(8249)) - allowed=true	ugi=arajend4 (auth:SIMPLE)	ip=/10.4.1.42	cmd=open	src=/user/arajend4/input/doc3	dst=null	perm=null	proto=rpc
2020-04-06 17:24:51,045 INFO  [IPC Server handler 2 on 9000] FSNamesystem.audit (FSNamesystem.java:logAuditMessage(8249)) - allowed=true	ugi=arajend4 (auth:SIMPLE)	ip=/10.4.1.42	cmd=open	src=/user/arajend4/input/doc2	dst=null	perm=null	proto=rpc
2020-04-06 17:24:51,216 INFO  [IPC Server handler 5 on 9000] FSNamesystem.audit (FSNamesystem.java:logAuditMessage(8249)) - allowed=true	ugi=arajend4 (auth:SIMPLE)	ip=/10.4.1.42	cmd=open	src=/user/arajend4/input/doc3	dst=null	perm=null	proto=rpc
2020-04-06 17:24:51,222 INFO  [IPC Server handler 6 on 9000] FSNamesystem.audit (FSNamesystem.java:logAuditMessage(8249)) - allowed=true	ugi=arajend4 (auth:SIMPLE)	ip=/10.4.1.42	cmd=open	src=/user/arajend4/input/doc1	dst=null	perm=null	proto=rpc
2020-04-06 17:24:51,266 INFO  [IPC Server handler 7 on 9000] FSNamesystem.audit (FSNamesystem.java:logAuditMessage(8249)) - allowed=true	ugi=arajend4 (auth:SIMPLE)	ip=/10.4.1.42	cmd=open	src=/user/arajend4/input/doc2	dst=null	perm=null	proto=rpc
2020-04-06 17:24:52,235 INFO  [194707680@qtp-681094281-0] namenode.TransferFsImage (TransferFsImage.java:receiveFile(553)) - Transfer took 0.04s at 0.00 KB/s
2020-04-06 17:24:52,236 INFO  [194707680@qtp-681094281-0] namenode.TransferFsImage (TransferFsImage.java:handleUploadImageRequest(134)) - Downloaded file fsimage.ckpt_0000000000000000023 size 759 bytes.
2020-04-06 17:24:52,273 INFO  [194707680@qtp-681094281-0] namenode.NNStorageRetentionManager (NNStorageRetentionManager.java:getImageTxIdToRetain(203)) - Going to retain 2 images with txid >= 0
2020-04-06 17:31:43,834 INFO  [IPC Server handler 8 on 9000] FSNamesystem.audit (FSNamesystem.java:logAuditMessage(8249)) - allowed=true	ugi=arajend4 (auth:SIMPLE)	ip=/10.4.1.42	cmd=getfileinfo	src=/user/arajend4/input	dst=null	perm=null	proto=rpc
2020-04-06 17:31:43,911 INFO  [IPC Server handler 4 on 9000] FSNamesystem.audit (FSNamesystem.java:logAuditMessage(8249)) - allowed=true	ugi=arajend4 (auth:SIMPLE)	ip=/10.4.1.42	cmd=listStatus	src=/user/arajend4/input	dst=null	perm=null	proto=rpc
2020-04-06 17:31:43,980 INFO  [IPC Server handler 1 on 9000] FSNamesystem.audit (FSNamesystem.java:logAuditMessage(8249)) - allowed=true	ugi=arajend4 (auth:SIMPLE)	ip=/10.4.1.42	cmd=getfileinfo	src=/user/arajend4/input	dst=null	perm=null	proto=rpc
2020-04-06 17:31:43,984 INFO  [IPC Server handler 3 on 9000] FSNamesystem.audit (FSNamesystem.java:logAuditMessage(8249)) - allowed=true	ugi=arajend4 (auth:SIMPLE)	ip=/10.4.1.42	cmd=listStatus	src=/user/arajend4/input	dst=null	perm=null	proto=rpc
2020-04-06 17:31:44,533 INFO  [IPC Server handler 5 on 9000] FSNamesystem.audit (FSNamesystem.java:logAuditMessage(8249)) - allowed=true	ugi=arajend4 (auth:SIMPLE)	ip=/10.4.1.42	cmd=open	src=/user/arajend4/input/doc1	dst=null	perm=null	proto=rpc
2020-04-06 17:31:44,533 INFO  [IPC Server handler 6 on 9000] FSNamesystem.audit (FSNamesystem.java:logAuditMessage(8249)) - allowed=true	ugi=arajend4 (auth:SIMPLE)	ip=/10.4.1.42	cmd=open	src=/user/arajend4/input/doc3	dst=null	perm=null	proto=rpc
2020-04-06 17:31:44,688 INFO  [IPC Server handler 9 on 9000] FSNamesystem.audit (FSNamesystem.java:logAuditMessage(8249)) - allowed=true	ugi=arajend4 (auth:SIMPLE)	ip=/10.4.1.42	cmd=open	src=/user/arajend4/input/doc2	dst=null	perm=null	proto=rpc
2020-04-06 17:31:44,849 INFO  [IPC Server handler 4 on 9000] FSNamesystem.audit (FSNamesystem.java:logAuditMessage(8249)) - allowed=true	ugi=arajend4 (auth:SIMPLE)	ip=/10.4.1.42	cmd=open	src=/user/arajend4/input/doc3	dst=null	perm=null	proto=rpc
2020-04-06 17:31:44,849 INFO  [IPC Server handler 1 on 9000] FSNamesystem.audit (FSNamesystem.java:logAuditMessage(8249)) - allowed=true	ugi=arajend4 (auth:SIMPLE)	ip=/10.4.1.42	cmd=open	src=/user/arajend4/input/doc1	dst=null	perm=null	proto=rpc
2020-04-06 17:31:44,894 INFO  [IPC Server handler 3 on 9000] FSNamesystem.audit (FSNamesystem.java:logAuditMessage(8249)) - allowed=true	ugi=arajend4 (auth:SIMPLE)	ip=/10.4.1.42	cmd=open	src=/user/arajend4/input/doc2	dst=null	perm=null	proto=rpc
2020-04-06 17:31:45,012 INFO  [IPC Server handler 2 on 9000] FSNamesystem.audit (FSNamesystem.java:logAuditMessage(8249)) - allowed=true	ugi=arajend4 (auth:SIMPLE)	ip=/10.4.1.42	cmd=open	src=/user/arajend4/input/doc3	dst=null	perm=null	proto=rpc
2020-04-06 17:31:45,015 INFO  [IPC Server handler 5 on 9000] FSNamesystem.audit (FSNamesystem.java:logAuditMessage(8249)) - allowed=true	ugi=arajend4 (auth:SIMPLE)	ip=/10.4.1.42	cmd=open	src=/user/arajend4/input/doc1	dst=null	perm=null	proto=rpc
2020-04-06 17:31:45,096 INFO  [IPC Server handler 6 on 9000] FSNamesystem.audit (FSNamesystem.java:logAuditMessage(8249)) - allowed=true	ugi=arajend4 (auth:SIMPLE)	ip=/10.4.1.42	cmd=open	src=/user/arajend4/input/doc2	dst=null	perm=null	proto=rpc
2020-04-06 17:31:45,265 INFO  [IPC Server handler 7 on 9000] FSNamesystem.audit (FSNamesystem.java:logAuditMessage(8249)) - allowed=true	ugi=arajend4 (auth:SIMPLE)	ip=/10.4.1.42	cmd=open	src=/user/arajend4/input/doc1	dst=null	perm=null	proto=rpc
2020-04-06 17:31:45,268 INFO  [IPC Server handler 0 on 9000] FSNamesystem.audit (FSNamesystem.java:logAuditMessage(8249)) - allowed=true	ugi=arajend4 (auth:SIMPLE)	ip=/10.4.1.42	cmd=open	src=/user/arajend4/input/doc3	dst=null	perm=null	proto=rpc
2020-04-06 17:31:45,310 INFO  [IPC Server handler 9 on 9000] FSNamesystem.audit (FSNamesystem.java:logAuditMessage(8249)) - allowed=true	ugi=arajend4 (auth:SIMPLE)	ip=/10.4.1.42	cmd=open	src=/user/arajend4/input/doc2	dst=null	perm=null	proto=rpc
