[prun] Master compute host = c38
[prun] Resource manager = slurm
[prun] Launch cmd = mpiexec.hydra -bootstrap slurm ./mpi_sendrcv
Hello from task 3 on c41!
message sending prco number : 3
Hello from task 5 on c43!
message sending prco number : 5
Hello from task 2 on c40!
Hello from task 7 on c45!
message sending prco number : 2
message sending prco number : 7
225
received message is 3 from 7
Hello from task 7 on c45!
message sending prco number : 7
3016
received message is 7 from 3
Hello from task 3 on c41!
message sending prco number : 3
165
received message is 3 from 7
Hello from task 7 on c45!
message sending prco number : 7
206
351
received message is 7 from 3
Hello from task 3 on c41!
received message is 3 from 7
message sending prco number : 3
Hello from task 7 on c45!
26
received message is 7 from 3
message sending prco number : 7
Hello from task 3 on c41!
15
message sending prco number : 3
received message is 3 from 7
43
received message is 7 from 3
Hello from task 7 on c45!
Hello from task 3 on c41!
message sending prco number : 7
message sending prco number : 3
6
22
received message is 3 from 7
received message is 7 from 3
Hello from task 7 on c45!
Hello from task 3 on c41!
message sending prco number : 3
message sending prco number : 7
36
received message is 7 from 3
6
received message is 3 from 7
Hello from task 6 on c44!
message sending prco number : 6
Hello from task 1 on c39!
message sending prco number : 1
1715
259
received message is 6 from 2
received message is 5 from 1
Hello from task 2 on c40!
2105
received message is 1 from 5
Hello from task 5 on c43!
Hello from task 1 on c39!
message sending prco number : 2
message sending prco number : 5
message sending prco number : 1
417
received message is 2 from 6
Hello from task 6 on c44!
message sending prco number : 6
Hello from task 0 on c38!
319
418
341
received message is 1 from 5
Hello from task 5 on c43!
message sending prco number : 5
received message is 5 from 1
received message is 6 from 2
Hello from task 2 on c40!
message sending prco number : 2
Hello from task 1 on c39!
message sending prco number : 0
271
message sending prco number : 1
336
received message is 1 from 5
26
Hello from task 5 on c43!
message sending prco number : 5
received message is 2 from 6
received message is 5 from 1
Hello from task 6 on c44!
361
message sending prco number : 6
Hello from task 1 on c39!
received message is 6 from 2
25
message sending prco number : 1
Hello from task 2 on c40!
240
received message is 1 from 5
received message is 2 from 6
33
message sending prco number : 2
Hello from task 5 on c43!
message sending prco number : 5
Hello from task 6 on c44!
received message is 5 from 1
message sending prco number : 6
Hello from task 1 on c39!
123
32
message sending prco number : 1
received message is 6 from 2
41
Hello from task 2 on c40!
183
received message is 1 from 5
received message is 2 from 6
message sending prco number : 2
Hello from task 5 on c43!
message sending prco number : 5
Hello from task 6 on c44!
received message is 5 from 1
64
message sending prco number : 6
Hello from task 1 on c39!
received message is 6 from 2
11
message sending prco number : 1
Hello from task 2 on c40!
received message is 2 from 6
message sending prco number : 2
243
received message is 1 from 5
Hello from task 6 on c44!
14
message sending prco number : 6
received message is 5 from 1
139
23
received message is 6 from 2
received message is 2 from 6
Hello from task 4 on c42!
message sending prco number : 4
1565
347
received message is 0 from 4
Hello from task 4 on c42!
message sending prco number : 4
received message is 4 from 0
Hello from task 0 on c38!
message sending prco number : 0
307
received message is 0 from 4
Hello from task 4 on c42!
message sending prco number : 4
332
received message is 4 from 0
Hello from task 0 on c38!
message sending prco number : 0
20
received message is 4 from 0
611
received message is 0 from 4
Hello from task 4 on c42!
message sending prco number : 4
Hello from task 0 on c38!
message sending prco number : 0
17
280
received message is 0 from 4
received message is 4 from 0
Hello from task 4 on c42!
message sending prco number : 4
Hello from task 0 on c38!
message sending prco number : 0
9
293
received message is 0 from 4
received message is 4 from 0
Hello from task 4 on c42!
message sending prco number : 4
Hello from task 0 on c38!
message sending prco number : 0
10
286
received message is 0 from 4
received message is 4 from 0
