[prun] Master compute host = c30
[prun] Resource manager = slurm
[prun] Launch cmd = mpiexec.hydra -bootstrap slurm ./mpi_sendrcv
Hello from task 1 on c31!
message sending prco number : 1
[c31:mpi_rank_1][error_sighandler] Caught error: Segmentation fault (signal 11)
Hello from task 2 on c32!
message sending prco number : 2
[c32:mpi_rank_2][error_sighandler] Caught error: Segmentation fault (signal 11)
Hello from task 4 on c34!
message sending prco number : 4
[c34:mpi_rank_4][error_sighandler] Caught error: Segmentation fault (signal 11)
Hello from task 6 on c36!
message sending prco number : 6
[c36:mpi_rank_6][error_sighandler] Caught error: Segmentation fault (signal 11)
Hello from task 3 on c33!
message sending prco number : 3
[c33:mpi_rank_3][error_sighandler] Caught error: Segmentation fault (signal 11)
Hello from task 0 on c30!
Hello from task 7 on c37!
message sending prco number : 7
message sending prco number : 0
[c37:mpi_rank_7][error_sighandler] Caught error: Segmentation fault (signal 11)
Hello from task 5 on c35!
message sending prco number : 5
[c35:mpi_rank_5][error_sighandler] Caught error: Segmentation fault (signal 11)
[cli_0]: aborting job:
Fatal error in MPI_Sendrecv:
Invalid buffer pointer, error stack:
MPI_Sendrecv(220): MPI_Sendrecv(sbuf=(nil), scount=8, MPI_INT, dest=4, stag=123, rbuf=0x1869520, rcount=8, MPI_INT, src=4, rtag=123, MPI_COMM_WORLD, status=0x7ffc04e92c80) failed
MPI_Sendrecv(154): Null buffer pointer


===================================================================================
=   BAD TERMINATION OF ONE OF YOUR APPLICATION PROCESSES
=   PID 31127 RUNNING AT c31
=   EXIT CODE: 11
=   CLEANING UP REMAINING PROCESSES
=   YOU CAN IGNORE THE BELOW CLEANUP MESSAGES
===================================================================================
[proxy:0:0@c30] HYD_pmcd_pmip_control_cmd_cb (pm/pmiserv/pmip_cb.c:909): assert (!closed) failed
[proxy:0:0@c30] HYDT_dmxu_poll_wait_for_event (tools/demux/demux_poll.c:76): callback returned error status
[proxy:0:0@c30] main (pm/pmiserv/pmip.c:206): demux engine error waiting for event
[proxy:0:5@c35] HYD_pmcd_pmip_control_cmd_cb (pm/pmiserv/pmip_cb.c:909): assert (!closed) failed
[proxy:0:5@c35] HYDT_dmxu_poll_wait_for_event (tools/demux/demux_poll.c:76): callback returned error status
[proxy:0:5@c35] main (pm/pmiserv/pmip.c:206): demux engine error waiting for event
srun: error: c35: task 5: Exited with exit code 7
srun: error: c30: task 0: Exited with exit code 7
YOUR APPLICATION TERMINATED WITH THE EXIT STRING: Segmentation fault (signal 11)
This typically refers to a problem with your application.
Please see the FAQ page for debugging suggestions
