[prun] Master compute host = c30
[prun] Resource manager = slurm
[prun] Launch cmd = mpiexec.hydra -bootstrap slurm ./mpi_sendrcv
avg is 2902 for process 7 
avg is 668 for process 3 
message sending prco number : 3 size 32
message sending prco number : 7 size 32
avg is 903 for process 3 
message sending prco number : 3 size 64
avg is 2964 for process 7 
message sending prco number : 7 size 64
avg is 1100 for process 3 
message sending prco number : 3 size 128
avg is 3073 for process 7 
message sending prco number : 7 size 128
avg is 1260 for process 3 
message sending prco number : 3 size 256
avg is 3151 for process 7 
message sending prco number : 7 size 256
avg is 1455 for process 3 
message sending prco number : 3 size 512
avg is 3253 for process 7 
message sending prco number : 7 size 512
avg is 1643 for process 3 
message sending prco number : 3 size 1024
avg is 3375 for process 7 
message sending prco number : 7 size 1024
avg is 750 for process 0 
avg is 2187 for process 4 
message sending prco number : 4 size 32
message sending prco number : 0 size 32
avg is 807 for process 0 
avg is 2432 for process 4 
message sending prco number : 4 size 64
message sending prco number : 0 size 64
avg is 864 for process 0 
avg is 2658 for process 4 
message sending prco number : 4 size 128
message sending prco number : 0 size 128
avg is 9102 for process 1 
message sending prco number : 1 size 32
avg is 683 for process 5 
message sending prco number : 5 size 32
avg is 9400 for process 1 
message sending prco number : 1 size 64
avg is 2989 for process 4 
avg is 773 for process 5 
message sending prco number : 4 size 256
message sending prco number : 5 size 64
avg is 9548 for process 1 
message sending prco number : 1 size 128
avg is 821 for process 5 
message sending prco number : 5 size 128
avg is 1225 for process 0 
avg is 9729 for process 1 
message sending prco number : 1 size 256
avg is 895 for process 5 
message sending prco number : 5 size 256
message sending prco number : 0 size 256
avg is 9903 for process 1 
message sending prco number : 1 size 512
avg is 967 for process 5 
message sending prco number : 5 size 512
avg is 10103 for process 1 
message sending prco number : 1 size 1024
avg is 1072 for process 5 
message sending prco number : 5 size 1024
avg is 1434 for process 0 
avg is 3794 for process 4 
message sending prco number : 4 size 512
message sending prco number : 0 size 512
avg is 1519 for process 0 
avg is 4046 for process 4 
message sending prco number : 4 size 1024
message sending prco number : 0 size 1024
avg is 35104 for process 6 
message sending prco number : 6 size 32
avg is 1162 for process 2 
message sending prco number : 2 size 32
avg is 35480 for process 6 
message sending prco number : 6 size 64
avg is 1567 for process 2 
message sending prco number : 2 size 64
avg is 35820 for process 6 
avg is 1916 for process 2 
message sending prco number : 2 size 128
message sending prco number : 6 size 128
avg is 2009 for process 2 
avg is 35908 for process 6 
message sending prco number : 2 size 256
message sending prco number : 6 size 256
avg is 35986 for process 6 
avg is 2098 for process 2 
message sending prco number : 2 size 512
message sending prco number : 6 size 512
avg is 2191 for process 2 
message sending prco number : 2 size 1024
avg is 36083 for process 6 
message sending prco number : 6 size 1024
